{"numTotalTestSuites":466,"numPassedTestSuites":380,"numFailedTestSuites":86,"numPendingTestSuites":0,"numTotalTests":1027,"numPassedTests":902,"numFailedTests":124,"numPendingTests":1,"numTodoTests":0,"snapshot":{"added":0,"failure":false,"filesAdded":0,"filesRemoved":0,"filesRemovedList":[],"filesUnmatched":0,"filesUpdated":0,"matched":0,"total":0,"unchecked":0,"uncheckedKeysByFile":[],"unmatched":0,"updated":0,"didUpdate":false},"startTime":1768410849710,"success":false,"testResults":[{"assertionResults":[{"ancestorTitles":["AddRunModal"],"fullName":"AddRunModal shows success toast when workout scheduled","status":"passed","title":"shows success toast when workout scheduled","duration":217.28340000000026,"failureMessages":[],"meta":{}}],"startTime":1768410957014,"endTime":1768410957231.2834,"status":"passed","message":"","name":"C:/Users/nadav/OneDrive/מסמכים/AI/cursor/cursor playground/Running coach/Running-coach--2/v0/components/add-run-modal.test.tsx"},{"assertionResults":[{"ancestorTitles":["BadgeCabinet"],"fullName":"BadgeCabinet shows empty state when no badges are returned","status":"passed","title":"shows empty state when no badges are returned","duration":33.219900000010966,"failureMessages":[],"meta":{}},{"ancestorTitles":["BadgeCabinet"],"fullName":"BadgeCabinet renders badges when provided","status":"passed","title":"renders badges when provided","duration":35.121200000008685,"failureMessages":[],"meta":{}}],"startTime":1768410962904,"endTime":1768410962973.121,"status":"passed","message":"","name":"C:/Users/nadav/OneDrive/מסמכים/AI/cursor/cursor playground/Running coach/Running-coach--2/v0/components/badge-cabinet.test.tsx"},{"assertionResults":[{"ancestorTitles":["ChatScreen"],"fullName":"ChatScreen renders chat interface correctly","status":"passed","title":"renders chat interface correctly","duration":58.771200000002864,"failureMessages":[],"meta":{}},{"ancestorTitles":["ChatScreen"],"fullName":"ChatScreen displays welcome message on load","status":"passed","title":"displays welcome message on load","duration":45.16150000000198,"failureMessages":[],"meta":{}},{"ancestorTitles":["ChatScreen"],"fullName":"ChatScreen shows suggested questions initially","status":"passed","title":"shows suggested questions initially","duration":58.12310000001162,"failureMessages":[],"meta":{}},{"ancestorTitles":["ChatScreen"],"fullName":"ChatScreen sends message when form is submitted","status":"passed","title":"sends message when form is submitted","duration":138.39929999999003,"failureMessages":[],"meta":{}},{"ancestorTitles":["ChatScreen"],"fullName":"ChatScreen handles suggested question clicks","status":"passed","title":"handles suggested question clicks","duration":91.11819999999716,"failureMessages":[],"meta":{}},{"ancestorTitles":["ChatScreen"],"fullName":"ChatScreen displays loading state during API call","status":"passed","title":"displays loading state during API call","duration":120.12099999999919,"failureMessages":[],"meta":{}},{"ancestorTitles":["ChatScreen"],"fullName":"ChatScreen includes user context in API calls","status":"passed","title":"includes user context in API calls","duration":128.51950000000943,"failureMessages":[],"meta":{}},{"ancestorTitles":["ChatScreen"],"fullName":"ChatScreen handles API errors gracefully","status":"passed","title":"handles API errors gracefully","duration":140.39019999999437,"failureMessages":[],"meta":{}},{"ancestorTitles":["ChatScreen"],"fullName":"ChatScreen disables input during loading","status":"passed","title":"disables input during loading","duration":100.66569999999774,"failureMessages":[],"meta":{}},{"ancestorTitles":["ChatScreen"],"fullName":"ChatScreen formats message timestamps correctly","status":"passed","title":"formats message timestamps correctly","duration":41.968699999997625,"failureMessages":[],"meta":{}},{"ancestorTitles":["ChatScreen"],"fullName":"ChatScreen builds user context from profile and runs","status":"passed","title":"builds user context from profile and runs","duration":125.06879999999364,"failureMessages":[],"meta":{}}],"startTime":1768410941387,"endTime":1768410942436.0688,"status":"passed","message":"","name":"C:/Users/nadav/OneDrive/מסמכים/AI/cursor/cursor playground/Running coach/Running-coach--2/v0/components/chat-screen.test.tsx"},{"assertionResults":[{"ancestorTitles":["CommunityStatsWidget"],"fullName":"CommunityStatsWidget renders loading state initially","status":"passed","title":"renders loading state initially","duration":14.605999999999767,"failureMessages":[],"meta":{}},{"ancestorTitles":["CommunityStatsWidget"],"fullName":"CommunityStatsWidget renders \"Join a cohort\" message when user is not in a cohort","status":"passed","title":"renders \"Join a cohort\" message when user is not in a cohort","duration":33.549499999993714,"failureMessages":[],"meta":{}},{"ancestorTitles":["CommunityStatsWidget"],"fullName":"CommunityStatsWidget renders error message when API fails","status":"passed","title":"renders error message when API fails","duration":34.14360000001034,"failureMessages":[],"meta":{}},{"ancestorTitles":["CommunityStatsWidget"],"fullName":"CommunityStatsWidget renders stats when data is loaded successfully","status":"passed","title":"renders stats when data is loaded successfully","duration":41.51809999998659,"failureMessages":[],"meta":{}},{"ancestorTitles":["CommunityStatsWidget"],"fullName":"CommunityStatsWidget handles fetch errors gracefully","status":"passed","title":"handles fetch errors gracefully","duration":25.14629999999306,"failureMessages":[],"meta":{}},{"ancestorTitles":["CommunityStatsWidget"],"fullName":"CommunityStatsWidget calls API with correct userId","status":"passed","title":"calls API with correct userId","duration":15.51940000000468,"failureMessages":[],"meta":{}},{"ancestorTitles":["CommunityStatsWidget"],"fullName":"CommunityStatsWidget does not render when userId is 0","status":"passed","title":"does not render when userId is 0","duration":14.379199999995762,"failureMessages":[],"meta":{}}],"startTime":1768410958104,"endTime":1768410958283.3792,"status":"passed","message":"","name":"C:/Users/nadav/OneDrive/מסמכים/AI/cursor/cursor playground/Running coach/Running-coach--2/v0/components/community-stats-widget.test.tsx"},{"assertionResults":[{"ancestorTitles":["CustomRouteCreator"],"fullName":"CustomRouteCreator adds waypoints and saves a custom route","status":"passed","title":"adds waypoints and saves a custom route","duration":346.8512000000046,"failureMessages":[],"meta":{}}],"startTime":1768410950670,"endTime":1768410951016.8513,"status":"passed","message":"","name":"C:/Users/nadav/OneDrive/מסמכים/AI/cursor/cursor playground/Running coach/Running-coach--2/v0/components/custom-route-creator.test.tsx"},{"assertionResults":[{"ancestorTitles":["DeviceConnectionScreen","Rendering"],"fullName":"DeviceConnectionScreen Rendering should render the connection screen with title and description","status":"passed","title":"should render the connection screen with title and description","duration":26.814800000000105,"failureMessages":[],"meta":{}},{"ancestorTitles":["DeviceConnectionScreen","Rendering"],"fullName":"DeviceConnectionScreen Rendering should render available devices section","status":"passed","title":"should render available devices section","duration":18.201900000000023,"failureMessages":[],"meta":{}},{"ancestorTitles":["DeviceConnectionScreen","Rendering"],"fullName":"DeviceConnectionScreen Rendering should show loading state initially","status":"passed","title":"should show loading state initially","duration":29.96509999999762,"failureMessages":[],"meta":{}},{"ancestorTitles":["DeviceConnectionScreen","Device Connection"],"fullName":"DeviceConnectionScreen Device Connection should connect Apple Watch successfully","status":"failed","title":"should connect Apple Watch successfully","duration":3055.935300000001,"failureMessages":["AssertionError: expected \"spy\" to be called with arguments: [ '/api/devices/connect', …(1) ]\u001b[90m\n\nReceived: \n\n\u001b[1m  1st spy call:\n\n\u001b[22m\u001b[33m@@ -1,9 +1,9 @@\u001b[90m\n\u001b[2m  [\u001b[22m\n\u001b[2m    \"/api/devices/connect\",\u001b[22m\n\u001b[2m    {\u001b[22m\n\u001b[32m-     \"body\": \"{\\\"userId\\\":1,\\\"deviceType\\\":\\\"apple_watch\\\",\\\"deviceId\\\":{\\\"sample\\\":\\\"apple-watch-\\\",\\\"inverse\\\":false},\\\"name\\\":\\\"Apple Watch\\\",\\\"model\\\":\\\"Series 8\\\",\\\"capabilities\\\":[\\\"heart_rate\\\",\\\"workouts\\\",\\\"health_kit\\\"]}\",\u001b[90m\n\u001b[31m+     \"body\": \"{\\\"userId\\\":1,\\\"deviceType\\\":\\\"apple_watch\\\",\\\"deviceId\\\":\\\"apple-watch-1-1768410869530\\\",\\\"name\\\":\\\"Apple Watch\\\",\\\"model\\\":\\\"Series 8\\\",\\\"capabilities\\\":[\\\"heart_rate\\\",\\\"workouts\\\",\\\"health_kit\\\"]}\",\u001b[90m\n\u001b[2m      \"headers\": {\u001b[22m\n\u001b[2m        \"Content-Type\": \"application/json\",\u001b[22m\n\u001b[2m      },\u001b[22m\n\u001b[2m      \"method\": \"POST\",\u001b[22m\n\u001b[2m    },\u001b[22m\n\u001b[39m\u001b[90m\n\nNumber of calls: \u001b[1m1\u001b[22m\n\u001b[39m\n\nIgnored nodes: comments, script, style\n\u001b[36m<html>\u001b[39m\n  \u001b[36m<head />\u001b[39m\n  \u001b[36m<body>\u001b[39m\n    \u001b[36m<div>\u001b[39m\n      \u001b[36m<div\u001b[39m\n        \u001b[33mclass\u001b[39m=\u001b[32m\"max-w-4xl mx-auto p-6 space-y-6\"\u001b[39m\n      \u001b[36m>\u001b[39m\n        \u001b[36m<div\u001b[39m\n          \u001b[33mclass\u001b[39m=\u001b[32m\"text-center\"\u001b[39m\n        \u001b[36m>\u001b[39m\n          \u001b[36m<h1\u001b[39m\n            \u001b[33mclass\u001b[39m=\u001b[32m\"text-3xl font-bold mb-2\"\u001b[39m\n          \u001b[36m>\u001b[39m\n            \u001b[0mConnect Your Devices\u001b[0m\n          \u001b[36m</h1>\u001b[39m\n          \u001b[36m<p\u001b[39m\n            \u001b[33mclass\u001b[39m=\u001b[32m\"text-gray-600\"\u001b[39m\n          \u001b[36m>\u001b[39m\n            \u001b[0mConnect your wearable devices to get personalized coaching and advanced metrics\u001b[0m\n          \u001b[36m</p>\u001b[39m\n        \u001b[36m</div>\u001b[39m\n        \u001b[36m<div\u001b[39m\n          \u001b[33mclass\u001b[39m=\u001b[32m\"space-y-4\"\u001b[39m\n        \u001b[36m>\u001b[39m\n          \u001b[36m<h2\u001b[39m\n            \u001b[33mclass\u001b[39m=\u001b[32m\"text-xl font-semibold\"\u001b[39m\n          \u001b[36m>\u001b[39m\n            \u001b[0mAvailable Devices\u001b[0m\n          \u001b[36m</h2>\u001b[39m\n          \u001b[36m<div\u001b[39m\n            \u001b[33mclass\u001b[39m=\u001b[32m\"grid grid-cols-1 md:grid-cols-2 gap-4\"\u001b[39m\n          \u001b[36m>\u001b[39m\n            \u001b[36m<div\u001b[39m\n              \u001b[33mclass\u001b[39m=\u001b[32m\"rounded-lg border bg-card text-card-foreground shadow-sm p-6\"\u001b[39m\n            \u001b[36m>\u001b[39m\n              \u001b[36m<div\u001b[39m\n                \u001b[33mclass\u001b[39m=\u001b[32m\"flex flex-col space-y-1.5 p-0 pb-4\"\u001b[39m\n              \u001b[36m>\u001b[39m\n                \u001b[36m<div\u001b[39m\n                  \u001b[33mclass\u001b[39m=\u001b[32m\"flex items-center space-x-3\"\u001b[39m\n                \u001b[36m>\u001b[39m\n                  \u001b[36m<div\u001b[39m\n                    \u001b[33mclass\u001b[39m=\u001b[32m\"p-3 rounded-lg bg-gray-900 text-white\"\u001b[39m\n                  \u001b[36m>\u001b[39m\n                    \u001b[36m<svg\u001b[39m\n                      \u001b[33mclass\u001b[39m=\u001b[32m\"lucide lucide-watch h-6 w-6\"\u001b[39m\n                      \u001b[33mfill\u001b[39m=\u001b[32m\"none\"\u001b[39m\n                      \u001b[33mheight\u001b[39m=\u001b[32m\"24\"\u001b[39m\n                      \u001b[33mstroke\u001b[39m=\u001b[32m\"currentColor\"\u001b[39m\n                      \u001b[33mstroke-linecap\u001b[39m=\u001b[32m\"round\"\u001b[39m\n                      \u001b[33mstroke-linejoin\u001b[39m=\u001b[32m\"round\"\u001b[39m\n                      \u001b[33mstroke-width\u001b[39m=\u001b[32m\"2\"\u001b[39m\n                      \u001b[33mviewBox\u001b[39m=\u001b[32m\"0 0 24 24\"\u001b[39m\n                      \u001b[33mwidth\u001b[39m=\u001b[32m\"24\"\u001b[39m\n                      \u001b[33mxmlns\u001b[39m=\u001b[32m\"http://www.w3.org/2000/svg\"\u001b[39m\n                    \u001b[36m>\u001b[39m\n                      \u001b[36m<circle\u001b[39m\n                        \u001b[33mcx\u001b[39m=\u001b[32m\"12\"\u001b[39m\n                        \u001b[33mcy\u001b[39m=\u001b[32m\"12\"\u001b[39m\n                        \u001b[33mr\u001b[39m=\u001b[32m\"6\"\u001b[39m\n                      \u001b[36m/>\u001b[39m\n                      \u001b[36m<polyline\u001b[39m\n                        \u001b[33mpoints\u001b[39m=\u001b[32m\"12 10 12 12 13 13\"\u001b[39m\n                      \u001b[36m/>\u001b[39m\n                      \u001b[36m<path\u001b[39m\n                        \u001b[33md\u001b[39m=\u001b[32m\"m16.13 7.66-.81-4.05a2 2 0 0 0-2-1.61h-2.68a2 2 0 0 0-2 1.61l-.78 4.05\"\u001b[39m\n                      \u001b[36m/>\u001b[39m\n                      \u001b[36m<path\u001b[39m\n                        \u001b[33md\u001b[39m=\u001b[32m\"m7.88 16.36.8 4a2 2 0 0 0 2 1.61h2.72a2 2 0 0 0 2-1.61l.81-4.05\"\u001b[39m\n                      \u001b[36m/>\u001b[39m\n                    \u001b[36m</svg>\u001b[39m\n                  \u001b[36m</div>\u001b[39m\n                  \u001b[36m<div>\u001b[39m\n                    \u001b[36m<div\u001b[39m\n                      \u001b[33mclass\u001b[39m=\u001b[32m\"font-semibold tracking-tight text-lg\"\u001b[39m\n                    \u001b[36m>\u001b[39m\n                      \u001b[0mApple Watch\u001b[0m\n                    \u001b[36m</div>\u001b[39m\n                    \u001b[36m<p\u001b[39m\n                      \u001b[33mclass\u001b[39m=\u001b[32m\"text-sm text-gray-600\"\u001b[39m\n                    \u001b[36m>\u001b[39m\n                      \u001b[0mHeart rate, workouts, and health metrics\u001b[0m\n                    \u001b[36m</p>\u001b[39m\n                  \u001b[36m</div>\u001b[39m\n                \u001b[36m</div>\u001b[39m\n              \u001b[36m</div>\u001b[39m\n              \u001b[36m<div\u001b[39m\n                \u001b[33mclass\u001b[39m=\u001b[32m\"p-0\"\u001b[39m\n              \u001b[36m>\u001b[39m\n                \u001b[36m<div\u001b[39m\n                  \u001b[33mclass\u001b[39m=\u001b[32m\"mb-4\"\u001b[39m\n                \u001b[36m>\u001b[39m\n                  \u001b[36m<h4\u001b[39m\n                    \u001b[33mclass\u001b[39m=\u001b[32m\"font-medium mb-2\"\u001b[39m\n                  \u001b[36m>\u001b[39m\n                    \u001b[0mFeatures:\u001b[0m\n                  \u001b[36m</h4>\u001b[39m\n                  \u001b[36m<div\u001b[39m\n                    \u001b[33mclass\u001b[39m=\u001b[32m\"flex flex-wrap gap-2\"\u001b[39m\n                  \u001b[36m>\u001b[39m\n                    \u001b[36m<div\u001b[39m\n                      \u001b[33mclass\u001b[39m=\u001b[32m\"flex items-center space-x-1\"\u001b[39m\n                    \u001b[36m>\u001b[39m\n                      \u001b[36m<svg\u001b[39m\n                        \u001b[33mclass\u001b[39m=\u001b[32m\"lucide lucide-heart h-3 w-3 text-red-500\"\u001b[39m\n                        \u001b[33mfill\u001b[39m=\u001b[32m\"none\"\u001b[39m\n                        \u001b[33mheight\u001b[39m=\u001b[32m\"24\"\u001b[39m\n                        \u001b[33mstroke\u001b[39m=\u001b[32m\"currentColor\"\u001b[39m\n                        \u001b[33mstroke-linecap\u001b[39m=\u001b[32m\"round\"\u001b[39m\n                        \u001b[33mstroke-linejoin\u001b[39m=\u001b[32m\"round\"\u001b[39m\n                        \u001b[33mstroke-width\u001b[39m=\u001b[32m\"2\"\u001b[39m\n                        \u001b[33mviewBox\u001b[39m=\u001b[32m\"0 0 24 24\"\u001b[39m\n                        \u001b[33mwidth\u001b[39m=\u001b[32m\"24\"\u001b[39m\n                        \u001b[33mxmlns\u001b[39m=\u001b[32m\"http://www.w3.org/2000/svg\"\u001b[39m\n                      \u001b[36m>\u001b[39m\n                        \u001b[36m<path\u001b[39m\n                          \u001b[33md\u001b[39m=\u001b[32m\"M19 14c1.49-1.46 3-3.21 3-5.5A5.5 5.5 0 0 0 16.5 3c-1.76 0-3 .5-4.5 2-1.5-1.5-2.74-2-4.5-2A5.5 5.5 0 0 0 2 8.5c0 2.3 1.5 4.05 3 5.5l7 7Z\"\u001b[39m\n                        \u001b[36m/>\u001b[39m\n                      \u001b[36m</svg>\u001b[39m\n                      \u001b[36m<span\u001b[39m\n                        \u001b[33mclass\u001b[39m=\u001b[32m\"text-xs\"\u001b[39m\n                      \u001b[36m>\u001b[39m\n                        \u001b[0mheart rate\u001b[0m\n                      \u001b[36m</span>\u001b[39m\n                    \u001b[36m</div>\u001b[39m\n                    \u001b[36m<div\u001b[39m\n                      \u001b[33mclass\u001b[39m=\u001b[32m\"flex items-center space-x-1\"\u001b[39m\n                    \u001b[36m>\u001b[39m\n                      \u001b[36m<svg\u001b[39m\n                        \u001b[33mclass\u001b[39m=\u001b[32m\"lucide lucide-heart h-3 w-3 text-red-500\"\u001b[39m\n                        \u001b[33mfill\u001b[39m=\u001b[32m\"none\"\u001b[39m\n                        \u001b[33mheight\u001b[39m=\u001b[32m\"24\"\u001b[39m\n                        \u001b[33mstroke\u001b[39m=\u001b[32m\"currentColor\"\u001b[39m\n                        \u001b[33mstroke-linecap\u001b[39m=\u001b[32m\"round\"\u001b[39m\n                        \u001b[33mstroke-linejoin\u001b[39m=\u001b[32m\"round\"\u001b[39m\n                        \u001b[33mstroke-width\u001b[39m=\u001b[32m\"2\"\u001b[39m\n                        \u001b[33mviewBox\u001b[39m=\u001b[32m\"0 0 24 24\"\u001b[39m\n                        \u001b[33mwidth\u001b[39m=\u001b[32m\"24\"\u001b[39m\n                        \u001b[33mxmlns\u001b[39m=\u001b[32m\"http://www.w3.org/2000/svg\"\u001b[39m\n                      \u001b[36m>\u001b[39m\n                        \u001b[36m<path\u001b[39m\n                          \u001b[33md\u001b[39m=\u001b[32m\"M19 14c1.49-1.46 3-3.21 3-5.5A5.5 5.5 0 0 0 16.5 3c-1.76 0-3 .5-4.5 2-1.5-1.5-2.74-2-4.5-2A5.5 5.5 0 0 0 2 8.5c0 2.3 1.5 4.05 3 5.5l7 7Z\"\u001b[39m\n                        \u001b[36m/>\u001b[39m\n                      \u001b[36m</svg>\u001b[39m\n                      \u001b[36m<span\u001b[39m\n                        \u001b[33mclass\u001b[39m=\u001b[32m\"text-xs\"\u001b[39m\n                      \u001b[36m>\u001b[39m\n                        \u001b[0mworkouts\u001b[0m\n                      \u001b[36m</span>\u001b[39m\n                    \u001b[36m</div>\u001b[39m\n                    \u001b[36m<div\u001b[39m\n                      \u001b[33mclass\u001b[39m=\u001b[32m\"flex items-center space-x-1\"\u001b[39m\n                    \u001b[36m>\u001b[39m\n                      \u001b[36m<svg\u001b[39m\n                        \u001b[33mclass\u001b[39m=\u001b[32m\"lucide lucide-heart h-3 w-3 text-red-500\"\u001b[39m\n                        \u001b[33mfill\u001b[39m=\u001b[32m\"none\"\u001b[39m\n                        \u001b[33mheight\u001b[39m=\u001b[32m\"24\"\u001b[39m\n                        \u001b[33mstroke\u001b[39m=\u001b[32m\"currentColor\"\u001b[39m\n                        \u001b[33mstroke-linecap\u001b[39m=\u001b[32m\"round\"\u001b[39m\n                        \u001b[33mstroke-linejoin\u001b[39m=\u001b[32m\"round\"\u001b[39m\n                        \u001b[33mstroke-width\u001b[39m=\u001b[32m\"2\"\u001b[39m\n                        \u001b[33mviewBox\u001b[39m=\u001b[32m\"0 0 24 24\"\u001b[39m\n                        \u001b[33mwidth\u001b[39m=\u001b[32m\"24\"\u001b[39m\n                        \u001b[33mxmlns\u001b[39m=\u001b[32m\"http://www.w3.org/2000/svg\"\u001b[39m\n                      \u001b[36m>\u001b[39m\n                        \u001b[36m<path\u001b[39m\n                          \u001b[33md\u001b[39m=\u001b[32m\"M19 14c1.49-1.46 3-3.21 3-5.5A5.5 5.5 0 0 0 16.5 3c-1.76 0-3 .5-4.5 2-1.5-1.5-2.74-2-4.5-2A5.5 5.5 0 0 0 2 8.5c0 2.3 1.5 4.05 3 5.5l7 7Z\"\u001b[39m\n                        \u001b[36m/>\u001b[39m\n                      \u001b[36m</svg>\u001b[39m\n                      \u001b[36m<span\u001b[39m\n                        \u001b[33mclass\u001b[39m=\u001b[32m\"text-xs\"\u001b[39m\n                      \u001b[36m>\u001b[39m\n                        \u001b[0mhealth kit\u001b[0m\n                      \u001b[36m</span>\u001b[39m\n                    \u001b[36m</div>\u001b[39m\n                  \u001b[36m</div>\u001b[39m\n                \u001b[36m</div>\u001b[39m\n                \u001b[36m<button\u001b[39m\n                  \u001b[33mclass\u001b[39m=\u001b[32m\"inline-flex items-center justify-center gap-2 whitespace-nowrap rounded-md text-sm font-medium ring-offset-background transition-colors focus-visible:outline-none focus-visible:ring-2 focus-visible:ring-ring focus-visible:ring-offset-2 disabled:pointer-events-none disabled:opacity-50 [&_svg]:pointer-events-none [&_svg]:size-4 [&_svg]:shrink-0 bg-primary text-primary-foreground hover:bg-primary/90 h-10 px-4 py-2 w-full\"\u001b[39m\n                \u001b[36m>\u001b[39m\n                  \u001b[0mConnect Apple Watch\u001b[0m\n                \u001b[36m</button>\u001b[39m\n              \u001b[36m</div>\u001b[39m\n            \u001b[36m</div>\u001b[39m\n            \u001b[36m<div\u001b[39m\n              \u001b[33mclass\u001b[39m=\u001b[32m\"rounded-lg border bg-card text-card-foreground shadow-sm p-6\"\u001b[39m\n            \u001b[36m>\u001b[39m\n              \u001b[36m<div\u001b[39m\n                \u001b[33mclass\u001b[39m=\u001b[32m\"flex flex-col space-y-1.5 p-0 pb-4\"\u001b[39m\n              \u001b[36m>\u001b[39m\n                \u001b[36m<div\u001b[39m\n                  \u001b[33mclass\u001b[39m=\u001b[32m\"flex items-center space-x-3\"\u001b[39m\n                \u001b[36m>\u001b[39m\n                  \u001b[36m<div\u001b[39m\n                    \u001b[33mclass\u001b[39m=\u001b[32m\"p-3 rounded-lg bg-blue-600 text-white\"\u001b[39m\n                  \u001b[36m>\u001b[39m\n                    \u001b[36m<svg\u001b[39m\n                      \u001b[33mclass\u001b[39m=\u001b[32m\"lucide lucide-activity h-6 w-6\"\u001b[39m\n                      \u001b[33mfill\u001b[39m=\u001b[32m\"none\"\u001b[39m\n                      \u001b[33mheight\u001b[39m=\u001b[32m\"24\"\u001b[39m\n                      \u001b[33mstroke\u001b[39m=\u001b[32m\"currentColor\"\u001b[39m\n                      \u001b[33mstroke-linecap\u001b[39m=\u001b[32m\"round\"\u001b[39m\n                      \u001b[33mstroke-linejoin\u001b[39m=\u001b[32m\"round\"\u001b[39m\n                      \u001b[33mstroke-width\u001b[39m=\u001b[32m\"2\"\u001b[39m\n                      \u001b[33mviewBox\u001b[39m=\u001b[32m\"0 0 24 24\"\u001b[39m\n                      \u001b[33mwidth\u001b[39m=\u001b[32m\"24\"\u001b[39m\n                      \u001b[33mxmlns\u001b[39m=\u001b[32m\"http://www.w3.org/2000/svg\"\u001b[39m\n                    \u001b[36m>\u001b[39m\n                      \u001b[36m<path\u001b[39m\n                        \u001b[33md\u001b[39m=\u001b[32m\"M22 12h-2.48a2 2 0 0 0-1.93 1.46l-2.35 8.36a.25.25 0 0 1-.48 0L9.24 2.18a.25.25 0 0 0-.48 0l-2.35 8.36A2 2 0 0 1 4.49 12H2\"\u001b[39m\n                      \u001b[36m/>\u001b[39m\n                    \u001b[36m</svg>\u001b[39m\n                  \u001b[36m</div>\u001b[39m\n                  \u001b[36m<div>\u001b[39m\n                    \u001b[36m<div\u001b[39m\n                      \u001b[33mclass\u001b[39m=\u001b[32m\"font-semibold tracking-tight text-lg\"\u001b[39m\n                    \u001b[36m>\u001b[39m\n                      \u001b[0mGarmin Device\u001b[0m\n                    \u001b[36m</div>\u001b[39m\n                    \u001b[36m<p\u001b[39m\n                      \u001b[33mclass\u001b[39m=\u001b[32m\"text-sm text-gray-600\"\u001b[39m\n                    \u001b[36m>\u001b[39m\n                      \u001b[0mAdvanced metrics, VO2 max, and training load\u001b[0m\n                    \u001b[36m</p>\u001b[39m\n                  \u001b[36m</div>\u001b[39m\n                \u001b[36m</div>\u001b[39m\n              \u001b[36m</div>\u001b[39m\n              \u001b[36m<div\u001b[39m\n                \u001b[33mclass\u001b[39m=\u001b[32m\"p-0\"\u001b[39m\n              \u001b[36m>\u001b[39m\n                \u001b[36m<div\u001b[39m\n                  \u001b[33mclass\u001b[39m=\u001b[32m\"mb-4\"\u001b[39m\n                \u001b[36m>\u001b[39m\n                  \u001b[36m<h4\u001b[39m\n                    \u001b[33mclass\u001b[39m=\u001b[32m\"font-medium mb-2\"\u001b[39m\n                  \u001b[36m>\u001b[39m\n                    \u001b[0mFeatures:\u001b[0m\n                  \u001b[36m</h4>\u001b[39m\n                  \u001b[36m<div\u001b[39m\n                    \u001b[33mclass\u001b[39m=\u001b[32m\"flex flex-wrap gap-2\"\u001b[39m\n                  \u001b[36m>\u001b[39m\n                    \u001b[36m<div\u001b[39m\n                      \u001b[33mclass\u001b[39m=\u001b[32m\"flex items-center space-x-1\"\u001b[39m\n                    \u001b[36m>\u001b[39m\n                      \u001b[36m<svg\u001b[39m\n                        \u001b[33mclass\u001b[39m=\u001b[32m\"lucide lucide-heart h-3 w-3 text-red-500\"\u001b[39m\n                        \u001b[33mfill\u001b[39m=\u001b[32m\"none\"\u001b[39m\n                        \u001b[33mheight\u001b[39m=\u001b[32m\"24\"\u001b[39m\n                        \u001b[33mstroke\u001b[39m=\u001b[32m\"currentColor\"\u001b[39m\n                        \u001b[33mstroke-linecap\u001b[39m=\u001b[32m\"round\"\u001b[39m\n                        \u001b[33mstroke-linejoin\u001b[39m=\u001b[32m\"round\"\u001b[39m\n                        \u001b[33mstroke-width\u001b[39m=\u001b[32m\"2\"\u001b[39m\n                        \u001b[33mviewBox\u001b[39m=\u001b[32m\"0 0 24 24\"\u001b[39m\n                        \u001b[33mwidth\u001b[39m=\u001b[32m\"24\"\u001b[39m\n                        \u001b[33mxmlns\u001b[39m=\u001b[32m\"http://www.w3.org/2000/svg\"\u001b[39m\n                      \u001b[36m>\u001b[39m\n                        \u001b[36m<path\u001b[39m\n                          \u001b[33md\u001b[39m=\u001b[32m\"M19 14c1.49-1.46 3-3.21 3-5.5A5.5 5.5 0 0 0 16.5 3c-1.76 0-3 .5-4.5 2-1.5-1.5-2.74-2-4.5-2A5.5 5.5 0 0 0 2 8.5c0 2.3 1.5 4.05 3 5.5l7 7Z\"\u001b[39m\n                        \u001b[36m/>\u001b[39m\n                      \u001b[36m</svg>\u001b[39m\n                      \u001b[36m<span\u001b[39m\n                        \u001b[33mclass\u001b[39m=\u001b[32m\"text-xs\"\u001b[39m\n                      \u001b[36m>\u001b[39m\n                        \u001b[0mheart rate\u001b[0m\n                      \u001b[36m</span>\u001b[39m\n                    \u001b[36m</div>\u001b[39m\n                    \u001b[36m<div\u001b[39m\n                      \u001b[33mclass\u001b[39m=\u001b[32m\"flex items-center space-x-1\"\u001b[39m\n                    \u001b[36m>\u001b[39m\n                      \u001b[36m<svg\u001b[39m\n                        \u001b[33mclass\u001b[39m=\u001b[32m\"lucide lucide-heart h-3 w-3 text-red-500\"\u001b[39m\n                        \u001b[33mfill\u001b[39m=\u001b[32m\"none\"\u001b[39m\n                        \u001b[33mheight\u001b[39m=\u001b[32m\"24\"\u001b[39m\n                        \u001b[33mstroke\u001b[39m=\u001b[32m\"currentColor\"\u001b[39m\n                        \u001b[33mstroke-linecap\u001b[39m=\u001b[32m\"round\"\u001b[39m\n                        \u001b[33mstroke-linejoin\u001b[39m=\u001b[32m\"round\"\u001b[39m\n                        \u001b[33mstroke-width\u001b[39m=\u001b[32m\"2\"\u001b[39m\n                        \u001b[33mviewBox\u001b[39m=\u001b[32m\"0 0 24 24\"\u001b[39m\n                        \u001b[33mwidth\u001b[39m=\u001b[32m\"24\"\u001b[39m\n                        \u001b[33mxmlns\u001b[39m=\u001b[32m\"http://www.w3.org/2000/svg\"\u001b[39m\n                      \u001b[36m>\u001b[39m\n                        \u001b[36m<path\u001b[39m\n                          \u001b[33md\u001b[39m=\u001b[32m\"M19 14c1.49-1.46 3-3.21 3-5.5A5.5 5.5 0 0 0 16.5 3c-1.76 0-3 .5-4.5 2-1.5-1.5-2.74-2-4.5-2A5.5 5.5 0 0 0 2 8.5c0 2.3 1.5 4.05 3 5.5l7 7Z\"\u001b[39m\n                        \u001b[36m/>\u001b[39m\n                      \u001b[36m</svg>\u001b[39m\n                      \u001b[36m<span\u001b[39m\n                        \u001b[33mclass\u001b[39m=\u001b[32m\"text-xs\"\u001b[39m\n                      \u001b[36m>\u001b[39m\n                        \u001b[0mvo2 max\u001b[0m\n                      \u001b[36m</span>\u001b[39m\n                    \u001b[36m</div>\u001b[39m\n                    \u001b[36m<div\u001b[39m\n                      \u001b[33mclass\u001b[39m=\u001b[32m\"flex items-center space-x-1\"\u001b[39m\n                    \u001b[36m>\u001b[39m\n                      \u001b[36m<svg\u001b[39m\n                        \u001b[33mclass\u001b[39m=\u001b[32m\"lucide lucide-heart h-3 w-3 text-red-500\"\u001b[39m\n                        \u001b[33mfill\u001b[39m=\u001b[32m\"none\"\u001b[39m\n                        \u001b[33mheight\u001b[39m=\u001b[32m\"24\"\u001b[39m\n                        \u001b[33mstroke\u001b[39m=\u001b[32m\"currentColor\"\u001b[39m\n                        \u001b[33mstroke-linecap\u001b[39m=\u001b[32m\"round\"\u001b[39m\n                        \u001b[33mstroke-linejoin\u001b[39m=\u001b[32m\"round\"\u001b[39m\n                        \u001b[33mstroke-width\u001b[39m=\u001b[32m\"2\"\u001b[39m\n                        \u001b[33mviewBox\u001b[39m=\u001b[32m\"0 0 24 24\"\u001b[39m\n                        \u001b[33mwidth\u001b[39m=\u001b[32m\"24\"\u001b[39m\n                        \u001b[33mxmlns\u001b[39m=\u001b[32m\"http://www.w3.org/2000/svg\"\u001b[39m\n                      \u001b[36m>\u001b[39m\n                        \u001b[36m<path\u001b[39m\n                          \u001b[33md\u001b[39m=\u001b[32m\"M19 14c1.49-1.46 3-3.21 3-5.5A5.5 5.5 0 0 0 16.5 3c-1.76 0-3 .5-4.5 2-1.5-1.5-2.74-2-4.5-2A5.5 5.5 0 0 0 2 8.5c0 2.3 1.5 4.05 3 5.5l7 7Z\"\u001b[39m\n                        \u001b[36m/>\u001b[39m\n                      \u001b[36m</svg>\u001b[39m\n                      \u001b[36m<span\u001b[39m\n                        \u001b[33mclass\u001b[39m=\u001b[32m\"text-xs\"\u001b[39m\n                      \u001b[36m>\u001b[39m\n                        \u001b[0mtraining load\u001b[0m\n                      \u001b[36m</span>\u001b[39m\n                    \u001b[36m</div>\u001b[39m\n                    \u001b[36m<div\u001b[39m\n                      \u001b[33mclass\u001b[39m=\u001b[32m\"flex items-center space-x-1\"\u001b[39m\n                    \u001b[36m>\u001b[39m\n                      \u001b[36m<svg\u001b[39m\n                        \u001b[33mclass\u001b[39m=\u001b[32m\"lucide lucide-heart h-3 w-3 text-red-500\"\u001b[39m\n                        \u001b[33mfill\u001b[39m=\u001b[32m\"none\"\u001b[39m\n                        \u001b[33mheight\u001b[39m=\u001b[32m\"24\"\u001b[39m\n                        \u001b[33mstroke\u001b[39m=\u001b[32m\"currentColor\"\u001b[39m\n                        \u001b[33mstroke-linecap\u001b[39m=\u001b[32m\"round\"\u001b[39m\n                        \u001b[33mstroke-linejoin\u001b[39m=\u001b[32m\"round\"\u001b[39m\n                        \u001b[33mstroke-width\u001b[39m=\u001b[32m\"2\"\u001b[39m\n                        \u001b[33mviewBox\u001b[39m=\u001b[32m\"0 0 24 24\"\u001b[39m\n                        \u001b[33mwidth\u001b[39m=\u001b[32m\"24\"\u001b[39m\n                        \u001b[33mxmlns\u001b[39m=\u001b[32m\"http://www.w3.org/2000/svg\"\u001b[39m\n                      \u001b[36m>\u001b[39m\n                        \u001b[36m<path\u001b[39m\n                          \u001b[33md\u001b[39m=\u001b[32m\"M19 14c1.49-1.46 3-3.21 3-5.5A5.5 5.5 0 0 0 16.5 3c-1.76 0-3 .5-4.5 2-1.5-1.5-2.74-2-4.5-2A5.5 5.5 0 0 0 2 8.5c0 2.3 1.5 4.05 3 5.5l7 7Z\"\u001b[39m\n                        \u001b[36m/>\u001b[39m\n                      \u001b[36m</svg>\u001b[39m\n                      \u001b[36m<span\u001b[39m\n                        \u001b[33mclass\u001b[39m=\u001b[32m\"text-xs\"\u001b[39m\n                      \u001b[36m>\u001b[39m\n                        \u001b[0mrunning dynamics\u001b[0m\n                      \u001b[36m</span>\u001b[39m\n                    \u001b[36m</div>\u001b[39m\n                  \u001b[36m</div>\u001b[39m\n                \u001b[36m</div>\u001b[39m\n                \u001b[36m<button\u001b[39m\n                  \u001b[33mclass\u001b[39m=\u001b[32m\"inline-flex items-center justify-center gap-2 whitespace-nowrap rounded-md text-sm font-medium ring-offset-background transition-colors focus-visible:outline-none focus-visible:ring-2 focus-visible:ring-ring focus-visible:ring-offset-2 disabled:pointer-events-none disabled:opacity-50 [&_svg]:pointer-events-none [&_svg]:size-4 [&_svg]:shrink-0 bg-primary text-primary-foreground hover:bg-primary/90 h-10 px-4 py-2 w-full\"\u001b[39m\n                \u001b[36m>\u001b[39m\n                  \u001b[0mConnect Garmin Device\u001b[0m\n                \u001b[36m</button>\u001b[39m\n              \u001b[36m</div>\u001b[39m\n            \u001b[36m</div>\u001b[39m\n          \u001b[36m</div>\u001b[39m\n        \u001b[36m</div>\u001b[39m\n      \u001b[36m</div>\u001b[39m\n    \u001b[36m</div>\u001b[39m\n  \u001b[36m</body>\u001b[39m\n\u001b[36m</html>\u001b[39m\n    at Proxy.<anonymous> (file:///C:/Users/nadav/OneDrive/%D7%9E%D7%A1%D7%9E%D7%9B%D7%99%D7%9D/AI/cursor/cursor%20playground/Running%20coach/Running-coach--2/v0/node_modules/@vitest/expect/dist/index.js:1355:10)\n    at Proxy.<anonymous> (file:///C:/Users/nadav/OneDrive/%D7%9E%D7%A1%D7%9E%D7%9B%D7%99%D7%9D/AI/cursor/cursor%20playground/Running%20coach/Running-coach--2/v0/node_modules/@vitest/expect/dist/index.js:1029:14)\n    at Proxy.methodWrapper (file:///C:/Users/nadav/OneDrive/%D7%9E%D7%A1%D7%9E%D7%9B%D7%99%D7%9D/AI/cursor/cursor%20playground/Running%20coach/Running-coach--2/v0/node_modules/chai/index.js:1686:25)\n    at __vi_import_1__.waitFor.timeout (C:\\Users\\nadav\\OneDrive\\מסמכים\\AI\\cursor\\cursor playground\\Running coach\\Running-coach--2\\v0\\components\\device-connection-screen.test.tsx:141:30)\n    at runWithExpensiveErrorDiagnosticsDisabled (C:\\Users\\nadav\\OneDrive\\מסמכים\\AI\\cursor\\cursor playground\\Running coach\\Running-coach--2\\node_modules\\@testing-library\\dom\\dist\\config.js:47:12)\n    at checkCallback (C:\\Users\\nadav\\OneDrive\\מסמכים\\AI\\cursor\\cursor playground\\Running coach\\Running-coach--2\\node_modules\\@testing-library\\dom\\dist\\wait-for.js:124:77)\n    at Timeout.checkRealTimersCallback (C:\\Users\\nadav\\OneDrive\\מסמכים\\AI\\cursor\\cursor playground\\Running coach\\Running-coach--2\\node_modules\\@testing-library\\dom\\dist\\wait-for.js:118:16)\n    at listOnTimeout (node:internal/timers:588:17)\n    at processTimers (node:internal/timers:523:7)"],"meta":{}},{"ancestorTitles":["DeviceConnectionScreen","Device Connection"],"fullName":"DeviceConnectionScreen Device Connection should initiate Garmin connection flow","status":"passed","title":"should initiate Garmin connection flow","duration":42.135699999998906,"failureMessages":[],"meta":{}},{"ancestorTitles":["DeviceConnectionScreen","Device Connection"],"fullName":"DeviceConnectionScreen Device Connection should handle connection errors","status":"passed","title":"should handle connection errors","duration":66.11590000000069,"failureMessages":[],"meta":{}},{"ancestorTitles":["DeviceConnectionScreen","Device Connection"],"fullName":"DeviceConnectionScreen Device Connection should handle network errors","status":"passed","title":"should handle network errors","duration":68.95420000000013,"failureMessages":[],"meta":{}},{"ancestorTitles":["DeviceConnectionScreen","Connected Devices"],"fullName":"DeviceConnectionScreen Connected Devices should display connected devices","status":"failed","title":"should display connected devices","duration":2011.6470000000008,"failureMessages":["Error: Unable to find an element with the text: Connected Devices. This could be because the text is broken up by multiple elements. In this case, you can provide a function for your text matcher to make your matcher more flexible.\n\nIgnored nodes: comments, script, style\n\u001b[36m<body>\u001b[39m\n  \u001b[36m<div>\u001b[39m\n    \u001b[36m<div\u001b[39m\n      \u001b[33mclass\u001b[39m=\u001b[32m\"max-w-4xl mx-auto p-6 space-y-6\"\u001b[39m\n    \u001b[36m>\u001b[39m\n      \u001b[36m<div\u001b[39m\n        \u001b[33mclass\u001b[39m=\u001b[32m\"text-center\"\u001b[39m\n      \u001b[36m>\u001b[39m\n        \u001b[36m<h1\u001b[39m\n          \u001b[33mclass\u001b[39m=\u001b[32m\"text-3xl font-bold mb-2\"\u001b[39m\n        \u001b[36m>\u001b[39m\n          \u001b[0mConnect Your Devices\u001b[0m\n        \u001b[36m</h1>\u001b[39m\n        \u001b[36m<p\u001b[39m\n          \u001b[33mclass\u001b[39m=\u001b[32m\"text-gray-600\"\u001b[39m\n        \u001b[36m>\u001b[39m\n          \u001b[0mConnect your wearable devices to get personalized coaching and advanced metrics\u001b[0m\n        \u001b[36m</p>\u001b[39m\n      \u001b[36m</div>\u001b[39m\n      \u001b[36m<div\u001b[39m\n        \u001b[33mclass\u001b[39m=\u001b[32m\"space-y-4\"\u001b[39m\n      \u001b[36m>\u001b[39m\n        \u001b[36m<h2\u001b[39m\n          \u001b[33mclass\u001b[39m=\u001b[32m\"text-xl font-semibold\"\u001b[39m\n        \u001b[36m>\u001b[39m\n          \u001b[0mAvailable Devices\u001b[0m\n        \u001b[36m</h2>\u001b[39m\n        \u001b[36m<div\u001b[39m\n          \u001b[33mclass\u001b[39m=\u001b[32m\"grid grid-cols-1 md:grid-cols-2 gap-4\"\u001b[39m\n        \u001b[36m>\u001b[39m\n          \u001b[36m<div\u001b[39m\n            \u001b[33mclass\u001b[39m=\u001b[32m\"rounded-lg border bg-card text-card-foreground shadow-sm p-6\"\u001b[39m\n          \u001b[36m>\u001b[39m\n            \u001b[36m<div\u001b[39m\n              \u001b[33mclass\u001b[39m=\u001b[32m\"flex flex-col space-y-1.5 p-0 pb-4\"\u001b[39m\n            \u001b[36m>\u001b[39m\n              \u001b[36m<div\u001b[39m\n                \u001b[33mclass\u001b[39m=\u001b[32m\"flex items-center space-x-3\"\u001b[39m\n              \u001b[36m>\u001b[39m\n                \u001b[36m<div\u001b[39m\n                  \u001b[33mclass\u001b[39m=\u001b[32m\"p-3 rounded-lg bg-gray-900 text-white\"\u001b[39m\n                \u001b[36m>\u001b[39m\n                  \u001b[36m<svg\u001b[39m\n                    \u001b[33mclass\u001b[39m=\u001b[32m\"lucide lucide-watch h-6 w-6\"\u001b[39m\n                    \u001b[33mfill\u001b[39m=\u001b[32m\"none\"\u001b[39m\n                    \u001b[33mheight\u001b[39m=\u001b[32m\"24\"\u001b[39m\n                    \u001b[33mstroke\u001b[39m=\u001b[32m\"currentColor\"\u001b[39m\n                    \u001b[33mstroke-linecap\u001b[39m=\u001b[32m\"round\"\u001b[39m\n                    \u001b[33mstroke-linejoin\u001b[39m=\u001b[32m\"round\"\u001b[39m\n                    \u001b[33mstroke-width\u001b[39m=\u001b[32m\"2\"\u001b[39m\n                    \u001b[33mviewBox\u001b[39m=\u001b[32m\"0 0 24 24\"\u001b[39m\n                    \u001b[33mwidth\u001b[39m=\u001b[32m\"24\"\u001b[39m\n                    \u001b[33mxmlns\u001b[39m=\u001b[32m\"http://www.w3.org/2000/svg\"\u001b[39m\n                  \u001b[36m>\u001b[39m\n                    \u001b[36m<circle\u001b[39m\n                      \u001b[33mcx\u001b[39m=\u001b[32m\"12\"\u001b[39m\n                      \u001b[33mcy\u001b[39m=\u001b[32m\"12\"\u001b[39m\n                      \u001b[33mr\u001b[39m=\u001b[32m\"6\"\u001b[39m\n                    \u001b[36m/>\u001b[39m\n                    \u001b[36m<polyline\u001b[39m\n                      \u001b[33mpoints\u001b[39m=\u001b[32m\"12 10 12 12 13 13\"\u001b[39m\n                    \u001b[36m/>\u001b[39m\n                    \u001b[36m<path\u001b[39m\n                      \u001b[33md\u001b[39m=\u001b[32m\"m16.13 7.66-.81-4.05a2 2 0 0 0-2-1.61h-2.68a2 2 0 0 0-2 1.61l-.78 4.05\"\u001b[39m\n                    \u001b[36m/>\u001b[39m\n                    \u001b[36m<path\u001b[39m\n                      \u001b[33md\u001b[39m=\u001b[32m\"m7.88 16.36.8 4a2 2 0 0 0 2 1.61h2.72a2 2 0 0 0 2-1.61l.81-4.05\"\u001b[39m\n                    \u001b[36m/>\u001b[39m\n                  \u001b[36m</svg>\u001b[39m\n                \u001b[36m</div>\u001b[39m\n                \u001b[36m<div>\u001b[39m\n                  \u001b[36m<div\u001b[39m\n                    \u001b[33mclass\u001b[39m=\u001b[32m\"font-semibold tracking-tight text-lg\"\u001b[39m\n                  \u001b[36m>\u001b[39m\n                    \u001b[0mApple Watch\u001b[0m\n                  \u001b[36m</div>\u001b[39m\n                  \u001b[36m<p\u001b[39m\n                    \u001b[33mclass\u001b[39m=\u001b[32m\"text-sm text-gray-600\"\u001b[39m\n                  \u001b[36m>\u001b[39m\n                    \u001b[0mHeart rate, workouts, and health metrics\u001b[0m\n                  \u001b[36m</p>\u001b[39m\n                \u001b[36m</div>\u001b[39m\n              \u001b[36m</div>\u001b[39m\n            \u001b[36m</div>\u001b[39m\n            \u001b[36m<div\u001b[39m\n              \u001b[33mclass\u001b[39m=\u001b[32m\"p-0\"\u001b[39m\n            \u001b[36m>\u001b[39m\n              \u001b[36m<div\u001b[39m\n                \u001b[33mclass\u001b[39m=\u001b[32m\"mb-4\"\u001b[39m\n              \u001b[36m>\u001b[39m\n                \u001b[36m<h4\u001b[39m\n                  \u001b[33mclass\u001b[39m=\u001b[32m\"font-medium mb-2\"\u001b[39m\n                \u001b[36m>\u001b[39m\n                  \u001b[0mFeatures:\u001b[0m\n                \u001b[36m</h4>\u001b[39m\n                \u001b[36m<div\u001b[39m\n                  \u001b[33mclass\u001b[39m=\u001b[32m\"flex flex-wrap gap-2\"\u001b[39m\n                \u001b[36m>\u001b[39m\n                  \u001b[36m<div\u001b[39m\n                    \u001b[33mclass\u001b[39m=\u001b[32m\"flex items-center space-x-1\"\u001b[39m\n                  \u001b[36m>\u001b[39m\n                    \u001b[36m<svg\u001b[39m\n                      \u001b[33mclass\u001b[39m=\u001b[32m\"lucide lucide-heart h-3 w-3 text-red-500\"\u001b[39m\n                      \u001b[33mfill\u001b[39m=\u001b[32m\"none\"\u001b[39m\n                      \u001b[33mheight\u001b[39m=\u001b[32m\"24\"\u001b[39m\n                      \u001b[33mstroke\u001b[39m=\u001b[32m\"currentColor\"\u001b[39m\n                      \u001b[33mstroke-linecap\u001b[39m=\u001b[32m\"round\"\u001b[39m\n                      \u001b[33mstroke-linejoin\u001b[39m=\u001b[32m\"round\"\u001b[39m\n                      \u001b[33mstroke-width\u001b[39m=\u001b[32m\"2\"\u001b[39m\n                      \u001b[33mviewBox\u001b[39m=\u001b[32m\"0 0 24 24\"\u001b[39m\n                      \u001b[33mwidth\u001b[39m=\u001b[32m\"24\"\u001b[39m\n                      \u001b[33mxmlns\u001b[39m=\u001b[32m\"http://www.w3.org/2000/svg\"\u001b[39m\n                    \u001b[36m>\u001b[39m\n                      \u001b[36m<path\u001b[39m\n                        \u001b[33md\u001b[39m=\u001b[32m\"M19 14c1.49-1.46 3-3.21 3-5.5A5.5 5.5 0 0 0 16.5 3c-1.76 0-3 .5-4.5 2-1.5-1.5-2.74-2-4.5-2A5.5 5.5 0 0 0 2 8.5c0 2.3 1.5 4.05 3 5.5l7 7Z\"\u001b[39m\n                      \u001b[36m/>\u001b[39m\n                    \u001b[36m</svg>\u001b[39m\n                    \u001b[36m<span\u001b[39m\n                      \u001b[33mclass\u001b[39m=\u001b[32m\"text-xs\"\u001b[39m\n                    \u001b[36m>\u001b[39m\n                      \u001b[0mheart rate\u001b[0m\n                    \u001b[36m</span>\u001b[39m\n                  \u001b[36m</div>\u001b[39m\n                  \u001b[36m<div\u001b[39m\n                    \u001b[33mclass\u001b[39m=\u001b[32m\"flex items-center space-x-1\"\u001b[39m\n                  \u001b[36m>\u001b[39m\n                    \u001b[36m<svg\u001b[39m\n                      \u001b[33mclass\u001b[39m=\u001b[32m\"lucide lucide-heart h-3 w-3 text-red-500\"\u001b[39m\n                      \u001b[33mfill\u001b[39m=\u001b[32m\"none\"\u001b[39m\n                      \u001b[33mheight\u001b[39m=\u001b[32m\"24\"\u001b[39m\n                      \u001b[33mstroke\u001b[39m=\u001b[32m\"currentColor\"\u001b[39m\n                      \u001b[33mstroke-linecap\u001b[39m=\u001b[32m\"round\"\u001b[39m\n                      \u001b[33mstroke-linejoin\u001b[39m=\u001b[32m\"round\"\u001b[39m\n                      \u001b[33mstroke-width\u001b[39m=\u001b[32m\"2\"\u001b[39m\n                      \u001b[33mviewBox\u001b[39m=\u001b[32m\"0 0 24 24\"\u001b[39m\n                      \u001b[33mwidth\u001b[39m=\u001b[32m\"24\"\u001b[39m\n                      \u001b[33mxmlns\u001b[39m=\u001b[32m\"http://www.w3.org/2000/svg\"\u001b[39m\n                    \u001b[36m>\u001b[39m\n                      \u001b[36m<path\u001b[39m\n                        \u001b[33md\u001b[39m=\u001b[32m\"M19 14c1.49-1.46 3-3.21 3-5.5A5.5 5.5 0 0 0 16.5 3c-1.76 0-3 .5-4.5 2-1.5-1.5-2.74-2-4.5-2A5.5 5.5 0 0 0 2 8.5c0 2.3 1.5 4.05 3 5.5l7 7Z\"\u001b[39m\n                      \u001b[36m/>\u001b[39m\n                    \u001b[36m</svg>\u001b[39m\n                    \u001b[36m<span\u001b[39m\n                      \u001b[33mclass\u001b[39m=\u001b[32m\"text-xs\"\u001b[39m\n                    \u001b[36m>\u001b[39m\n                      \u001b[0mworkouts\u001b[0m\n                    \u001b[36m</span>\u001b[39m\n                  \u001b[36m</div>\u001b[39m\n                  \u001b[36m<div\u001b[39m\n                    \u001b[33mclass\u001b[39m=\u001b[32m\"flex items-center space-x-1\"\u001b[39m\n                  \u001b[36m>\u001b[39m\n                    \u001b[36m<svg\u001b[39m\n                      \u001b[33mclass\u001b[39m=\u001b[32m\"lucide lucide-heart h-3 w-3 text-red-500\"\u001b[39m\n                      \u001b[33mfill\u001b[39m=\u001b[32m\"none\"\u001b[39m\n                      \u001b[33mheight\u001b[39m=\u001b[32m\"24\"\u001b[39m\n                      \u001b[33mstroke\u001b[39m=\u001b[32m\"currentColor\"\u001b[39m\n                      \u001b[33mstroke-linecap\u001b[39m=\u001b[32m\"round\"\u001b[39m\n                      \u001b[33mstroke-linejoin\u001b[39m=\u001b[32m\"round\"\u001b[39m\n                      \u001b[33mstroke-width\u001b[39m=\u001b[32m\"2\"\u001b[39m\n                      \u001b[33mviewBox\u001b[39m=\u001b[32m\"0 0 24 24\"\u001b[39m\n                      \u001b[33mwidth\u001b[39m=\u001b[32m\"24\"\u001b[39m\n                      \u001b[33mxmlns\u001b[39m=\u001b[32m\"http://www.w3.org/2000/svg\"\u001b[39m\n                    \u001b[36m>\u001b[39m\n                      \u001b[36m<path\u001b[39m\n                        \u001b[33md\u001b[39m=\u001b[32m\"M19 14c1.49-1.46 3-3.21 3-5.5A5.5 5.5 0 0 0 16.5 3c-1.76 0-3 .5-4.5 2-1.5-1.5-2.74-2-4.5-2A5.5 5.5 0 0 0 2 8.5c0 2.3 1.5 4.05 3 5.5l7 7Z\"\u001b[39m\n                      \u001b[36m/>\u001b[39m\n                    \u001b[36m</svg>\u001b[39m\n                    \u001b[36m<span\u001b[39m\n                      \u001b[33mclass\u001b[39m=\u001b[32m\"text-xs\"\u001b[39m\n                    \u001b[36m>\u001b[39m\n                      \u001b[0mhealth kit\u001b[0m\n                    \u001b[36m</span>\u001b[39m\n                  \u001b[36m</div>\u001b[39m\n                \u001b[36m</div>\u001b[39m\n              \u001b[36m</div>\u001b[39m\n              \u001b[36m<button\u001b[39m\n                \u001b[33mclass\u001b[39m=\u001b[32m\"inline-flex items-center justify-center gap-2 whitespace-nowrap rounded-md text-sm font-medium ring-offset-background transition-colors focus-visible:outline-none focus-visible:ring-2 focus-visible:ring-ring focus-visible:ring-offset-2 disabled:pointer-events-none disabled:opacity-50 [&_svg]:pointer-events-none [&_svg]:size-4 [&_svg]:shrink-0 bg-primary text-primary-foreground hover:bg-primary/90 h-10 px-4 py-2 w-full\"\u001b[39m\n              \u001b[36m>\u001b[39m\n                \u001b[0mConnect Apple Watch\u001b[0m\n              \u001b[36m</button>\u001b[39m\n            \u001b[36m</div>\u001b[39m\n          \u001b[36m</div>\u001b[39m\n          \u001b[36m<div\u001b[39m\n            \u001b[33mclass\u001b[39m=\u001b[32m\"rounded-lg border bg-card text-card-foreground shadow-sm p-6\"\u001b[39m\n          \u001b[36m>\u001b[39m\n            \u001b[36m<div\u001b[39m\n              \u001b[33mclass\u001b[39m=\u001b[32m\"flex flex-col space-y-1.5 p-0 pb-4\"\u001b[39m\n            \u001b[36m>\u001b[39m\n              \u001b[36m<div\u001b[39m\n                \u001b[33mclass\u001b[39m=\u001b[32m\"flex items-center space-x-3\"\u001b[39m\n              \u001b[36m>\u001b[39m\n                \u001b[36m<div\u001b[39m\n                  \u001b[33mclass\u001b[39m=\u001b[32m\"p-3 rounded-lg bg-blue-600 text-white\"\u001b[39m\n                \u001b[36m>\u001b[39m\n                  \u001b[36m<svg\u001b[39m\n                    \u001b[33mclass\u001b[39m=\u001b[32m\"lucide lucide-activity h-6 w-6\"\u001b[39m\n                    \u001b[33mfill\u001b[39m=\u001b[32m\"none\"\u001b[39m\n                    \u001b[33mheight\u001b[39m=\u001b[32m\"24\"\u001b[39m\n                    \u001b[33mstroke\u001b[39m=\u001b[32m\"currentColor\"\u001b[39m\n                    \u001b[33mstroke-linecap\u001b[39m=\u001b[32m\"round\"\u001b[39m\n                    \u001b[33mstroke-linejoin\u001b[39m=\u001b[32m\"round\"\u001b[39m\n                    \u001b[33mstroke-width\u001b[39m=\u001b[32m\"2\"\u001b[39m\n                    \u001b[33mviewBox\u001b[39m=\u001b[32m\"0 0 24 24\"\u001b[39m\n                    \u001b[33mwidth\u001b[39m=\u001b[32m\"24\"\u001b[39m\n                    \u001b[33mxmlns\u001b[39m=\u001b[32m\"http://www.w3.org/2000/svg\"\u001b[39m\n                  \u001b[36m>\u001b[39m\n                    \u001b[36m<path\u001b[39m\n                      \u001b[33md\u001b[39m=\u001b[32m\"M22 12h-2.48a2 2 0 0 0-1.93 1.46l-2.35 8.36a.25.25 0 0 1-.48 0L9.24 2.18a.25.25 0 0 0-.48 0l-2.35 8.36A2 2 0 0 1 4.49 12H2\"\u001b[39m\n                    \u001b[36m/>\u001b[39m\n                  \u001b[36m</svg>\u001b[39m\n                \u001b[36m</div>\u001b[39m\n                \u001b[36m<div>\u001b[39m\n                  \u001b[36m<div\u001b[39m\n                    \u001b[33mclass\u001b[39m=\u001b[32m\"font-semibold tracking-tight text-lg\"\u001b[39m\n                  \u001b[36m>\u001b[39m\n                    \u001b[0mGarmin Device\u001b[0m\n                  \u001b[36m</div>\u001b[39m\n                  \u001b[36m<p\u001b[39m\n                    \u001b[33mclass\u001b[39m=\u001b[32m\"text-sm text-gray-600\"\u001b[39m\n                  \u001b[36m>\u001b[39m\n                    \u001b[0mAdvanced metrics, VO2 max, and training load\u001b[0m\n                  \u001b[36m</p>\u001b[39m\n                \u001b[36m</div>\u001b[39m\n              \u001b[36m</div>\u001b[39m\n            \u001b[36m</div>\u001b[39m\n            \u001b[36m<div\u001b[39m\n              \u001b[33mclass\u001b[39m=\u001b[32m\"p-0\"\u001b[39m\n            \u001b[36m>\u001b[39m\n              \u001b[36m<div\u001b[39m\n                \u001b[33mclass\u001b[39m=\u001b[32m\"mb-4\"\u001b[39m\n              \u001b[36m>\u001b[39m\n                \u001b[36m<h4\u001b[39m\n                  \u001b[33mclass\u001b[39m=\u001b[32m\"font-medium mb-2\"\u001b[39m\n                \u001b[36m>\u001b[39m\n                  \u001b[0mFeatures:\u001b[0m\n                \u001b[36m</h4>\u001b[39m\n                \u001b[36m<div\u001b[39m\n                  \u001b[33mclass\u001b[39m=\u001b[32m\"flex flex-wrap gap-2\"\u001b[39m\n                \u001b[36m>\u001b[39m\n                  \u001b[36m<div\u001b[39m\n                    \u001b[33mclass\u001b[39m=\u001b[32m\"flex items-center space-x-1\"\u001b[39m\n                  \u001b[36m>\u001b[39m\n                    \u001b[36m<svg\u001b[39m\n                      \u001b[33mclass\u001b[39m=\u001b[32m\"lucide lucide-heart h-3 w-3 text-red-500\"\u001b[39m\n                      \u001b[33mfill\u001b[39m=\u001b[32m\"none\"\u001b[39m\n                      \u001b[33mheight\u001b[39m=\u001b[32m\"24\"\u001b[39m\n                      \u001b[33mstroke\u001b[39m=\u001b[32m\"currentColor\"\u001b[39m\n                      \u001b[33mstroke-linecap\u001b[39m=\u001b[32m\"round\"\u001b[39m\n                      \u001b[33mstroke-linejoin\u001b[39m=\u001b[32m\"round\"\u001b[39m\n                      \u001b[33mstroke-width\u001b[39m=\u001b[32m\"2\"\u001b[39m\n                      \u001b[33mviewBox\u001b[39m=\u001b[32m\"0 0 24 24\"\u001b[39m\n                      \u001b[33mwidth\u001b[39m=\u001b[32m\"24\"\u001b[39m\n                      \u001b[33mxmlns\u001b[39m=\u001b[32m\"http://www.w3.org/2000/svg\"\u001b[39m\n                    \u001b[36m>\u001b[39m\n                      \u001b[36m<path\u001b[39m\n                        \u001b[33md\u001b[39m=\u001b[32m\"M19 14c1.49-1.46 3-3.21 3-5.5A5.5 5.5 0 0 0 16.5 3c-1.76 0-3 .5-4.5 2-1.5-1.5-2.74-2-4.5-2A5.5 5.5 0 0 0 2 8.5c0 2.3 1.5 4.05 3 5.5l7 7Z\"\u001b[39m\n                      \u001b[36m/>\u001b[39m\n                    \u001b[36m</svg>\u001b[39m\n                    \u001b[36m<span\u001b[39m\n                      \u001b[33mclass\u001b[39m=\u001b[32m\"text-xs\"\u001b[39m\n                    \u001b[36m>\u001b[39m\n                      \u001b[0mheart rate\u001b[0m\n                    \u001b[36m</span>\u001b[39m\n                  \u001b[36m</div>\u001b[39m\n                  \u001b[36m<div\u001b[39m\n                    \u001b[33mclass\u001b[39m=\u001b[32m\"flex items-center space-x-1\"\u001b[39m\n                  \u001b[36m>\u001b[39m\n                    \u001b[36m<svg\u001b[39m\n                      \u001b[33mclass\u001b[39m=\u001b[32m\"lucide lucide-heart h-3 w-3 text-red-500\"\u001b[39m\n                      \u001b[33mfill\u001b[39m=\u001b[32m\"none\"\u001b[39m\n                      \u001b[33mheight\u001b[39m=\u001b[32m\"24\"\u001b[39m\n                      \u001b[33mstroke\u001b[39m=\u001b[32m\"currentColor\"\u001b[39m\n                      \u001b[33mstroke-linecap\u001b[39m=\u001b[32m\"round\"\u001b[39m\n                      \u001b[33mstroke-linejoin\u001b[39m=\u001b[32m\"round\"\u001b[39m\n                      \u001b[33mstroke-width\u001b[39m=\u001b[32m\"2\"\u001b[39m\n                      \u001b[33mviewBox\u001b[39m=\u001b[32m\"0 0 24 24\"\u001b[39m\n                      \u001b[33mwidth\u001b[39m=\u001b[32m\"24\"\u001b[39m\n                      \u001b[33mxmlns\u001b[39m=\u001b[32m\"http://www.w3.org/2000/svg\"\u001b[39m\n                    \u001b[36m>\u001b[39m\n                      \u001b[36m<path\u001b[39m\n                        \u001b[33md\u001b[39m=\u001b[32m\"M19 14c1.49-1.46 3-3.21 3-5.5A5.5 5.5 0 0 0 16.5 3c-1.76 0-3 .5-4.5 2-1.5-1.5-2.74-2-4.5-2A5.5 5.5 0 0 0 2 8.5c0 2.3 1.5 4.05 3 5.5l7 7Z\"\u001b[39m\n                      \u001b[36m/>\u001b[39m\n                    \u001b[36m</svg>\u001b[39m\n                    \u001b[36m<span\u001b[39m\n                      \u001b[33mclass\u001b[39m=\u001b[32m\"text-xs\"\u001b[39m\n                    \u001b[36m>\u001b[39m\n                      \u001b[0mvo2 max\u001b[0m\n                    \u001b[36m</span>\u001b[39m\n                  \u001b[36m</div>\u001b[39m\n                  \u001b[36m<div\u001b[39m\n                    \u001b[33mclass\u001b[39m=\u001b[32m\"flex items-center space-x-1\"\u001b[39m\n                  \u001b[36m>\u001b[39m\n                    \u001b[36m<svg\u001b[39m\n                      \u001b[33mclass\u001b[39m=\u001b[32m\"lucide lucide-heart h-3 w-3 text-red-500\"\u001b[39m\n                      \u001b[33mfill\u001b[39m=\u001b[32m\"none\"\u001b[39m\n                      \u001b[33mheight\u001b[39m=\u001b[32m\"24\"\u001b[39m\n                      \u001b[33mstroke\u001b[39m=\u001b[32m\"currentColor\"\u001b[39m\n                      \u001b[33mstroke-linecap\u001b[39m=\u001b[32m\"round\"\u001b[39m\n                      \u001b[33mstroke-linejoin\u001b[39m=\u001b[32m\"round\"\u001b[39m\n                      \u001b[33mstroke-width\u001b[39m=\u001b[32m\"2\"\u001b[39m\n                      \u001b[33mviewBox\u001b[39m=\u001b[32m\"0 0 24 24\"\u001b[39m\n                      \u001b[33mwidth\u001b[39m=\u001b[32m\"24\"\u001b[39m\n                      \u001b[33mxmlns\u001b[39m=\u001b[32m\"http://www.w3.org/2000/svg\"\u001b[39m\n                    \u001b[36m>\u001b[39m\n                      \u001b[36m<path\u001b[39m\n                        \u001b[33md\u001b[39m=\u001b[32m\"M19 14c1.49-1.46 3-3.21 3-5.5A5.5 5.5 0 0 0 16.5 3c-1.76 0-3 .5-4.5 2-1.5-1.5-2.74-2-4.5-2A5.5 5.5 0 0 0 2 8.5c0 2.3 1.5 4.05 3 5.5l7 7Z\"\u001b[39m\n                      \u001b[36m/>\u001b[39m\n                    \u001b[36m</svg>\u001b[39m\n                    \u001b[36m<span\u001b[39m\n                      \u001b[33mclass\u001b[39m=\u001b[32m\"text-xs\"\u001b[39m\n                    \u001b[36m>\u001b[39m\n                      \u001b[0mtraining load\u001b[0m\n                    \u001b[36m</span>\u001b[39m\n                  \u001b[36m</div>\u001b[39m\n                  \u001b[36m<div\u001b[39m\n                    \u001b[33mclass\u001b[39m=\u001b[32m\"flex items-center space-x-1\"\u001b[39m\n                  \u001b[36m>\u001b[39m\n                    \u001b[36m<svg\u001b[39m\n                      \u001b[33mclass\u001b[39m=\u001b[32m\"lucide lucide-heart h-3 w-3 text-red-500\"\u001b[39m\n                      \u001b[33mfill\u001b[39m=\u001b[32m\"none\"\u001b[39m\n                      \u001b[33mheight\u001b[39m=\u001b[32m\"24\"\u001b[39m\n                      \u001b[33mstroke\u001b[39m=\u001b[32m\"currentColor\"\u001b[39m\n                      \u001b[33mstroke-linecap\u001b[39m=\u001b[32m\"round\"\u001b[39m\n                      \u001b[33mstroke-linejoin\u001b[39m=\u001b[32m\"round\"\u001b[39m\n                      \u001b[33mstroke-width\u001b[39m=\u001b[32m\"2\"\u001b[39m\n                      \u001b[33mviewBox\u001b[39m=\u001b[32m\"0 0 24 24\"\u001b[39m\n                      \u001b[33mwidth\u001b[39m=\u001b[32m\"24\"\u001b[39m\n                      \u001b[33mxmlns\u001b[39m=\u001b[32m\"http://www.w3.org/2000/svg\"\u001b[39m\n                    \u001b[36m>\u001b[39m\n                      \u001b[36m<path\u001b[39m\n                        \u001b[33md\u001b[39m=\u001b[32m\"M19 14c1.49-1.46 3-3.21 3-5.5A5.5 5.5 0 0 0 16.5 3c-1.76 0-3 .5-4.5 2-1.5-1.5-2.74-2-4.5-2A5.5 5.5 0 0 0 2 8.5c0 2.3 1.5 4.05 3 5.5l7 7Z\"\u001b[39m\n                      \u001b[36m/>\u001b[39m\n                    \u001b[36m</svg>\u001b[39m\n                    \u001b[36m<span\u001b[39m\n                      \u001b[33mclass\u001b[39m=\u001b[32m\"text-xs\"\u001b[39m\n                    \u001b[36m>\u001b[39m\n                      \u001b[0mrunning dynamics\u001b[0m\n                    \u001b[36m</span>\u001b[39m\n                  \u001b[36m</div>\u001b[39m\n                \u001b[36m</div>\u001b[39m\n              \u001b[36m</div>\u001b[39m\n              \u001b[36m<button\u001b[39m\n                \u001b[33mclass\u001b[39m=\u001b[32m\"inline-flex items-center justify-center gap-2 whitespace-nowrap rounded-md text-sm font-medium ring-offset-background transition-colors focus-visible:outline-none focus-visible:ring-2 focus-visible:ring-ring focus-visible:ring-offset-2 disabled:pointer-events-none disabled:opacity-50 [&_svg]:pointer-events-none [&_svg]:size-4 [&_svg]:shrink-0 bg-primary text-primary-foreground hover:bg-primary/90 h-10 px-4 py-2 w-full\"\u001b[39m\n              \u001b[36m>\u001b[39m\n                \u001b[0mConnect Garmin Device\u001b[0m\n              \u001b[36m</button>\u001b[39m\n            \u001b[36m</div>\u001b[39m\n          \u001b[36m</div>\u001b[39m\n        \u001b[36m</div>\u001b[39m\n      \u001b[36m</div>\u001b[39m\n    \u001b[36m</div>\u001b[39m\n  \u001b[36m</div>\u001b[39m\n\u001b[36m</body>\u001b[39m\n    at Proxy.waitForWrapper (C:\\Users\\nadav\\OneDrive\\מסמכים\\AI\\cursor\\cursor playground\\Running coach\\Running-coach--2\\node_modules\\@testing-library\\dom\\dist\\wait-for.js:163:27)\n    at C:\\Users\\nadav\\OneDrive\\מסמכים\\AI\\cursor\\cursor playground\\Running coach\\Running-coach--2\\v0\\components\\device-connection-screen.test.tsx:296:13\n    at file:///C:/Users/nadav/OneDrive/%D7%9E%D7%A1%D7%9E%D7%9B%D7%99%D7%9D/AI/cursor/cursor%20playground/Running%20coach/Running-coach--2/v0/node_modules/@vitest/runner/dist/chunk-hooks.js:155:11\n    at file:///C:/Users/nadav/OneDrive/%D7%9E%D7%A1%D7%9E%D7%9B%D7%99%D7%9D/AI/cursor/cursor%20playground/Running%20coach/Running-coach--2/v0/node_modules/@vitest/runner/dist/chunk-hooks.js:752:26\n    at file:///C:/Users/nadav/OneDrive/%D7%9E%D7%A1%D7%9E%D7%9B%D7%99%D7%9D/AI/cursor/cursor%20playground/Running%20coach/Running-coach--2/v0/node_modules/@vitest/runner/dist/chunk-hooks.js:1897:20\n    at new Promise (<anonymous>)\n    at runWithTimeout (file:///C:/Users/nadav/OneDrive/%D7%9E%D7%A1%D7%9E%D7%9B%D7%99%D7%9D/AI/cursor/cursor%20playground/Running%20coach/Running-coach--2/v0/node_modules/@vitest/runner/dist/chunk-hooks.js:1863:10)\n    at runTest (file:///C:/Users/nadav/OneDrive/%D7%9E%D7%A1%D7%9E%D7%9B%D7%99%D7%9D/AI/cursor/cursor%20playground/Running%20coach/Running-coach--2/v0/node_modules/@vitest/runner/dist/chunk-hooks.js:1574:12)\n    at runSuite (file:///C:/Users/nadav/OneDrive/%D7%9E%D7%A1%D7%9E%D7%9B%D7%99%D7%9D/AI/cursor/cursor%20playground/Running%20coach/Running-coach--2/v0/node_modules/@vitest/runner/dist/chunk-hooks.js:1729:8)\n    at runSuite (file:///C:/Users/nadav/OneDrive/%D7%9E%D7%A1%D7%9E%D7%9B%D7%99%D7%9D/AI/cursor/cursor%20playground/Running%20coach/Running-coach--2/v0/node_modules/@vitest/runner/dist/chunk-hooks.js:1729:8)"],"meta":{}},{"ancestorTitles":["DeviceConnectionScreen","Connected Devices"],"fullName":"DeviceConnectionScreen Connected Devices should allow syncing connected devices","status":"failed","title":"should allow syncing connected devices","duration":2013.7671999999984,"failureMessages":["Error: Unable to find an element with the text: Sync. This could be because the text is broken up by multiple elements. In this case, you can provide a function for your text matcher to make your matcher more flexible.\n\nIgnored nodes: comments, script, style\n\u001b[36m<body>\u001b[39m\n  \u001b[36m<div>\u001b[39m\n    \u001b[36m<div\u001b[39m\n      \u001b[33mclass\u001b[39m=\u001b[32m\"max-w-4xl mx-auto p-6 space-y-6\"\u001b[39m\n    \u001b[36m>\u001b[39m\n      \u001b[36m<div\u001b[39m\n        \u001b[33mclass\u001b[39m=\u001b[32m\"text-center\"\u001b[39m\n      \u001b[36m>\u001b[39m\n        \u001b[36m<h1\u001b[39m\n          \u001b[33mclass\u001b[39m=\u001b[32m\"text-3xl font-bold mb-2\"\u001b[39m\n        \u001b[36m>\u001b[39m\n          \u001b[0mConnect Your Devices\u001b[0m\n        \u001b[36m</h1>\u001b[39m\n        \u001b[36m<p\u001b[39m\n          \u001b[33mclass\u001b[39m=\u001b[32m\"text-gray-600\"\u001b[39m\n        \u001b[36m>\u001b[39m\n          \u001b[0mConnect your wearable devices to get personalized coaching and advanced metrics\u001b[0m\n        \u001b[36m</p>\u001b[39m\n      \u001b[36m</div>\u001b[39m\n      \u001b[36m<div\u001b[39m\n        \u001b[33mclass\u001b[39m=\u001b[32m\"space-y-4\"\u001b[39m\n      \u001b[36m>\u001b[39m\n        \u001b[36m<h2\u001b[39m\n          \u001b[33mclass\u001b[39m=\u001b[32m\"text-xl font-semibold\"\u001b[39m\n        \u001b[36m>\u001b[39m\n          \u001b[0mAvailable Devices\u001b[0m\n        \u001b[36m</h2>\u001b[39m\n        \u001b[36m<div\u001b[39m\n          \u001b[33mclass\u001b[39m=\u001b[32m\"grid grid-cols-1 md:grid-cols-2 gap-4\"\u001b[39m\n        \u001b[36m>\u001b[39m\n          \u001b[36m<div\u001b[39m\n            \u001b[33mclass\u001b[39m=\u001b[32m\"rounded-lg border bg-card text-card-foreground shadow-sm p-6\"\u001b[39m\n          \u001b[36m>\u001b[39m\n            \u001b[36m<div\u001b[39m\n              \u001b[33mclass\u001b[39m=\u001b[32m\"flex flex-col space-y-1.5 p-0 pb-4\"\u001b[39m\n            \u001b[36m>\u001b[39m\n              \u001b[36m<div\u001b[39m\n                \u001b[33mclass\u001b[39m=\u001b[32m\"flex items-center space-x-3\"\u001b[39m\n              \u001b[36m>\u001b[39m\n                \u001b[36m<div\u001b[39m\n                  \u001b[33mclass\u001b[39m=\u001b[32m\"p-3 rounded-lg bg-gray-900 text-white\"\u001b[39m\n                \u001b[36m>\u001b[39m\n                  \u001b[36m<svg\u001b[39m\n                    \u001b[33mclass\u001b[39m=\u001b[32m\"lucide lucide-watch h-6 w-6\"\u001b[39m\n                    \u001b[33mfill\u001b[39m=\u001b[32m\"none\"\u001b[39m\n                    \u001b[33mheight\u001b[39m=\u001b[32m\"24\"\u001b[39m\n                    \u001b[33mstroke\u001b[39m=\u001b[32m\"currentColor\"\u001b[39m\n                    \u001b[33mstroke-linecap\u001b[39m=\u001b[32m\"round\"\u001b[39m\n                    \u001b[33mstroke-linejoin\u001b[39m=\u001b[32m\"round\"\u001b[39m\n                    \u001b[33mstroke-width\u001b[39m=\u001b[32m\"2\"\u001b[39m\n                    \u001b[33mviewBox\u001b[39m=\u001b[32m\"0 0 24 24\"\u001b[39m\n                    \u001b[33mwidth\u001b[39m=\u001b[32m\"24\"\u001b[39m\n                    \u001b[33mxmlns\u001b[39m=\u001b[32m\"http://www.w3.org/2000/svg\"\u001b[39m\n                  \u001b[36m>\u001b[39m\n                    \u001b[36m<circle\u001b[39m\n                      \u001b[33mcx\u001b[39m=\u001b[32m\"12\"\u001b[39m\n                      \u001b[33mcy\u001b[39m=\u001b[32m\"12\"\u001b[39m\n                      \u001b[33mr\u001b[39m=\u001b[32m\"6\"\u001b[39m\n                    \u001b[36m/>\u001b[39m\n                    \u001b[36m<polyline\u001b[39m\n                      \u001b[33mpoints\u001b[39m=\u001b[32m\"12 10 12 12 13 13\"\u001b[39m\n                    \u001b[36m/>\u001b[39m\n                    \u001b[36m<path\u001b[39m\n                      \u001b[33md\u001b[39m=\u001b[32m\"m16.13 7.66-.81-4.05a2 2 0 0 0-2-1.61h-2.68a2 2 0 0 0-2 1.61l-.78 4.05\"\u001b[39m\n                    \u001b[36m/>\u001b[39m\n                    \u001b[36m<path\u001b[39m\n                      \u001b[33md\u001b[39m=\u001b[32m\"m7.88 16.36.8 4a2 2 0 0 0 2 1.61h2.72a2 2 0 0 0 2-1.61l.81-4.05\"\u001b[39m\n                    \u001b[36m/>\u001b[39m\n                  \u001b[36m</svg>\u001b[39m\n                \u001b[36m</div>\u001b[39m\n                \u001b[36m<div>\u001b[39m\n                  \u001b[36m<div\u001b[39m\n                    \u001b[33mclass\u001b[39m=\u001b[32m\"font-semibold tracking-tight text-lg\"\u001b[39m\n                  \u001b[36m>\u001b[39m\n                    \u001b[0mApple Watch\u001b[0m\n                  \u001b[36m</div>\u001b[39m\n                  \u001b[36m<p\u001b[39m\n                    \u001b[33mclass\u001b[39m=\u001b[32m\"text-sm text-gray-600\"\u001b[39m\n                  \u001b[36m>\u001b[39m\n                    \u001b[0mHeart rate, workouts, and health metrics\u001b[0m\n                  \u001b[36m</p>\u001b[39m\n                \u001b[36m</div>\u001b[39m\n              \u001b[36m</div>\u001b[39m\n            \u001b[36m</div>\u001b[39m\n            \u001b[36m<div\u001b[39m\n              \u001b[33mclass\u001b[39m=\u001b[32m\"p-0\"\u001b[39m\n            \u001b[36m>\u001b[39m\n              \u001b[36m<div\u001b[39m\n                \u001b[33mclass\u001b[39m=\u001b[32m\"mb-4\"\u001b[39m\n              \u001b[36m>\u001b[39m\n                \u001b[36m<h4\u001b[39m\n                  \u001b[33mclass\u001b[39m=\u001b[32m\"font-medium mb-2\"\u001b[39m\n                \u001b[36m>\u001b[39m\n                  \u001b[0mFeatures:\u001b[0m\n                \u001b[36m</h4>\u001b[39m\n                \u001b[36m<div\u001b[39m\n                  \u001b[33mclass\u001b[39m=\u001b[32m\"flex flex-wrap gap-2\"\u001b[39m\n                \u001b[36m>\u001b[39m\n                  \u001b[36m<div\u001b[39m\n                    \u001b[33mclass\u001b[39m=\u001b[32m\"flex items-center space-x-1\"\u001b[39m\n                  \u001b[36m>\u001b[39m\n                    \u001b[36m<svg\u001b[39m\n                      \u001b[33mclass\u001b[39m=\u001b[32m\"lucide lucide-heart h-3 w-3 text-red-500\"\u001b[39m\n                      \u001b[33mfill\u001b[39m=\u001b[32m\"none\"\u001b[39m\n                      \u001b[33mheight\u001b[39m=\u001b[32m\"24\"\u001b[39m\n                      \u001b[33mstroke\u001b[39m=\u001b[32m\"currentColor\"\u001b[39m\n                      \u001b[33mstroke-linecap\u001b[39m=\u001b[32m\"round\"\u001b[39m\n                      \u001b[33mstroke-linejoin\u001b[39m=\u001b[32m\"round\"\u001b[39m\n                      \u001b[33mstroke-width\u001b[39m=\u001b[32m\"2\"\u001b[39m\n                      \u001b[33mviewBox\u001b[39m=\u001b[32m\"0 0 24 24\"\u001b[39m\n                      \u001b[33mwidth\u001b[39m=\u001b[32m\"24\"\u001b[39m\n                      \u001b[33mxmlns\u001b[39m=\u001b[32m\"http://www.w3.org/2000/svg\"\u001b[39m\n                    \u001b[36m>\u001b[39m\n                      \u001b[36m<path\u001b[39m\n                        \u001b[33md\u001b[39m=\u001b[32m\"M19 14c1.49-1.46 3-3.21 3-5.5A5.5 5.5 0 0 0 16.5 3c-1.76 0-3 .5-4.5 2-1.5-1.5-2.74-2-4.5-2A5.5 5.5 0 0 0 2 8.5c0 2.3 1.5 4.05 3 5.5l7 7Z\"\u001b[39m\n                      \u001b[36m/>\u001b[39m\n                    \u001b[36m</svg>\u001b[39m\n                    \u001b[36m<span\u001b[39m\n                      \u001b[33mclass\u001b[39m=\u001b[32m\"text-xs\"\u001b[39m\n                    \u001b[36m>\u001b[39m\n                      \u001b[0mheart rate\u001b[0m\n                    \u001b[36m</span>\u001b[39m\n                  \u001b[36m</div>\u001b[39m\n                  \u001b[36m<div\u001b[39m\n                    \u001b[33mclass\u001b[39m=\u001b[32m\"flex items-center space-x-1\"\u001b[39m\n                  \u001b[36m>\u001b[39m\n                    \u001b[36m<svg\u001b[39m\n                      \u001b[33mclass\u001b[39m=\u001b[32m\"lucide lucide-heart h-3 w-3 text-red-500\"\u001b[39m\n                      \u001b[33mfill\u001b[39m=\u001b[32m\"none\"\u001b[39m\n                      \u001b[33mheight\u001b[39m=\u001b[32m\"24\"\u001b[39m\n                      \u001b[33mstroke\u001b[39m=\u001b[32m\"currentColor\"\u001b[39m\n                      \u001b[33mstroke-linecap\u001b[39m=\u001b[32m\"round\"\u001b[39m\n                      \u001b[33mstroke-linejoin\u001b[39m=\u001b[32m\"round\"\u001b[39m\n                      \u001b[33mstroke-width\u001b[39m=\u001b[32m\"2\"\u001b[39m\n                      \u001b[33mviewBox\u001b[39m=\u001b[32m\"0 0 24 24\"\u001b[39m\n                      \u001b[33mwidth\u001b[39m=\u001b[32m\"24\"\u001b[39m\n                      \u001b[33mxmlns\u001b[39m=\u001b[32m\"http://www.w3.org/2000/svg\"\u001b[39m\n                    \u001b[36m>\u001b[39m\n                      \u001b[36m<path\u001b[39m\n                        \u001b[33md\u001b[39m=\u001b[32m\"M19 14c1.49-1.46 3-3.21 3-5.5A5.5 5.5 0 0 0 16.5 3c-1.76 0-3 .5-4.5 2-1.5-1.5-2.74-2-4.5-2A5.5 5.5 0 0 0 2 8.5c0 2.3 1.5 4.05 3 5.5l7 7Z\"\u001b[39m\n                      \u001b[36m/>\u001b[39m\n                    \u001b[36m</svg>\u001b[39m\n                    \u001b[36m<span\u001b[39m\n                      \u001b[33mclass\u001b[39m=\u001b[32m\"text-xs\"\u001b[39m\n                    \u001b[36m>\u001b[39m\n                      \u001b[0mworkouts\u001b[0m\n                    \u001b[36m</span>\u001b[39m\n                  \u001b[36m</div>\u001b[39m\n                  \u001b[36m<div\u001b[39m\n                    \u001b[33mclass\u001b[39m=\u001b[32m\"flex items-center space-x-1\"\u001b[39m\n                  \u001b[36m>\u001b[39m\n                    \u001b[36m<svg\u001b[39m\n                      \u001b[33mclass\u001b[39m=\u001b[32m\"lucide lucide-heart h-3 w-3 text-red-500\"\u001b[39m\n                      \u001b[33mfill\u001b[39m=\u001b[32m\"none\"\u001b[39m\n                      \u001b[33mheight\u001b[39m=\u001b[32m\"24\"\u001b[39m\n                      \u001b[33mstroke\u001b[39m=\u001b[32m\"currentColor\"\u001b[39m\n                      \u001b[33mstroke-linecap\u001b[39m=\u001b[32m\"round\"\u001b[39m\n                      \u001b[33mstroke-linejoin\u001b[39m=\u001b[32m\"round\"\u001b[39m\n                      \u001b[33mstroke-width\u001b[39m=\u001b[32m\"2\"\u001b[39m\n                      \u001b[33mviewBox\u001b[39m=\u001b[32m\"0 0 24 24\"\u001b[39m\n                      \u001b[33mwidth\u001b[39m=\u001b[32m\"24\"\u001b[39m\n                      \u001b[33mxmlns\u001b[39m=\u001b[32m\"http://www.w3.org/2000/svg\"\u001b[39m\n                    \u001b[36m>\u001b[39m\n                      \u001b[36m<path\u001b[39m\n                        \u001b[33md\u001b[39m=\u001b[32m\"M19 14c1.49-1.46 3-3.21 3-5.5A5.5 5.5 0 0 0 16.5 3c-1.76 0-3 .5-4.5 2-1.5-1.5-2.74-2-4.5-2A5.5 5.5 0 0 0 2 8.5c0 2.3 1.5 4.05 3 5.5l7 7Z\"\u001b[39m\n                      \u001b[36m/>\u001b[39m\n                    \u001b[36m</svg>\u001b[39m\n                    \u001b[36m<span\u001b[39m\n                      \u001b[33mclass\u001b[39m=\u001b[32m\"text-xs\"\u001b[39m\n                    \u001b[36m>\u001b[39m\n                      \u001b[0mhealth kit\u001b[0m\n                    \u001b[36m</span>\u001b[39m\n                  \u001b[36m</div>\u001b[39m\n                \u001b[36m</div>\u001b[39m\n              \u001b[36m</div>\u001b[39m\n              \u001b[36m<button\u001b[39m\n                \u001b[33mclass\u001b[39m=\u001b[32m\"inline-flex items-center justify-center gap-2 whitespace-nowrap rounded-md text-sm font-medium ring-offset-background transition-colors focus-visible:outline-none focus-visible:ring-2 focus-visible:ring-ring focus-visible:ring-offset-2 disabled:pointer-events-none disabled:opacity-50 [&_svg]:pointer-events-none [&_svg]:size-4 [&_svg]:shrink-0 bg-primary text-primary-foreground hover:bg-primary/90 h-10 px-4 py-2 w-full\"\u001b[39m\n              \u001b[36m>\u001b[39m\n                \u001b[0mConnect Apple Watch\u001b[0m\n              \u001b[36m</button>\u001b[39m\n            \u001b[36m</div>\u001b[39m\n          \u001b[36m</div>\u001b[39m\n          \u001b[36m<div\u001b[39m\n            \u001b[33mclass\u001b[39m=\u001b[32m\"rounded-lg border bg-card text-card-foreground shadow-sm p-6\"\u001b[39m\n          \u001b[36m>\u001b[39m\n            \u001b[36m<div\u001b[39m\n              \u001b[33mclass\u001b[39m=\u001b[32m\"flex flex-col space-y-1.5 p-0 pb-4\"\u001b[39m\n            \u001b[36m>\u001b[39m\n              \u001b[36m<div\u001b[39m\n                \u001b[33mclass\u001b[39m=\u001b[32m\"flex items-center space-x-3\"\u001b[39m\n              \u001b[36m>\u001b[39m\n                \u001b[36m<div\u001b[39m\n                  \u001b[33mclass\u001b[39m=\u001b[32m\"p-3 rounded-lg bg-blue-600 text-white\"\u001b[39m\n                \u001b[36m>\u001b[39m\n                  \u001b[36m<svg\u001b[39m\n                    \u001b[33mclass\u001b[39m=\u001b[32m\"lucide lucide-activity h-6 w-6\"\u001b[39m\n                    \u001b[33mfill\u001b[39m=\u001b[32m\"none\"\u001b[39m\n                    \u001b[33mheight\u001b[39m=\u001b[32m\"24\"\u001b[39m\n                    \u001b[33mstroke\u001b[39m=\u001b[32m\"currentColor\"\u001b[39m\n                    \u001b[33mstroke-linecap\u001b[39m=\u001b[32m\"round\"\u001b[39m\n                    \u001b[33mstroke-linejoin\u001b[39m=\u001b[32m\"round\"\u001b[39m\n                    \u001b[33mstroke-width\u001b[39m=\u001b[32m\"2\"\u001b[39m\n                    \u001b[33mviewBox\u001b[39m=\u001b[32m\"0 0 24 24\"\u001b[39m\n                    \u001b[33mwidth\u001b[39m=\u001b[32m\"24\"\u001b[39m\n                    \u001b[33mxmlns\u001b[39m=\u001b[32m\"http://www.w3.org/2000/svg\"\u001b[39m\n                  \u001b[36m>\u001b[39m\n                    \u001b[36m<path\u001b[39m\n                      \u001b[33md\u001b[39m=\u001b[32m\"M22 12h-2.48a2 2 0 0 0-1.93 1.46l-2.35 8.36a.25.25 0 0 1-.48 0L9.24 2.18a.25.25 0 0 0-.48 0l-2.35 8.36A2 2 0 0 1 4.49 12H2\"\u001b[39m\n                    \u001b[36m/>\u001b[39m\n                  \u001b[36m</svg>\u001b[39m\n                \u001b[36m</div>\u001b[39m\n                \u001b[36m<div>\u001b[39m\n                  \u001b[36m<div\u001b[39m\n                    \u001b[33mclass\u001b[39m=\u001b[32m\"font-semibold tracking-tight text-lg\"\u001b[39m\n                  \u001b[36m>\u001b[39m\n                    \u001b[0mGarmin Device\u001b[0m\n                  \u001b[36m</div>\u001b[39m\n                  \u001b[36m<p\u001b[39m\n                    \u001b[33mclass\u001b[39m=\u001b[32m\"text-sm text-gray-600\"\u001b[39m\n                  \u001b[36m>\u001b[39m\n                    \u001b[0mAdvanced metrics, VO2 max, and training load\u001b[0m\n                  \u001b[36m</p>\u001b[39m\n                \u001b[36m</div>\u001b[39m\n              \u001b[36m</div>\u001b[39m\n            \u001b[36m</div>\u001b[39m\n            \u001b[36m<div\u001b[39m\n              \u001b[33mclass\u001b[39m=\u001b[32m\"p-0\"\u001b[39m\n            \u001b[36m>\u001b[39m\n              \u001b[36m<div\u001b[39m\n                \u001b[33mclass\u001b[39m=\u001b[32m\"mb-4\"\u001b[39m\n              \u001b[36m>\u001b[39m\n                \u001b[36m<h4\u001b[39m\n                  \u001b[33mclass\u001b[39m=\u001b[32m\"font-medium mb-2\"\u001b[39m\n                \u001b[36m>\u001b[39m\n                  \u001b[0mFeatures:\u001b[0m\n                \u001b[36m</h4>\u001b[39m\n                \u001b[36m<div\u001b[39m\n                  \u001b[33mclass\u001b[39m=\u001b[32m\"flex flex-wrap gap-2\"\u001b[39m\n                \u001b[36m>\u001b[39m\n                  \u001b[36m<div\u001b[39m\n                    \u001b[33mclass\u001b[39m=\u001b[32m\"flex items-center space-x-1\"\u001b[39m\n                  \u001b[36m>\u001b[39m\n                    \u001b[36m<svg\u001b[39m\n                      \u001b[33mclass\u001b[39m=\u001b[32m\"lucide lucide-heart h-3 w-3 text-red-500\"\u001b[39m\n                      \u001b[33mfill\u001b[39m=\u001b[32m\"none\"\u001b[39m\n                      \u001b[33mheight\u001b[39m=\u001b[32m\"24\"\u001b[39m\n                      \u001b[33mstroke\u001b[39m=\u001b[32m\"currentColor\"\u001b[39m\n                      \u001b[33mstroke-linecap\u001b[39m=\u001b[32m\"round\"\u001b[39m\n                      \u001b[33mstroke-linejoin\u001b[39m=\u001b[32m\"round\"\u001b[39m\n                      \u001b[33mstroke-width\u001b[39m=\u001b[32m\"2\"\u001b[39m\n                      \u001b[33mviewBox\u001b[39m=\u001b[32m\"0 0 24 24\"\u001b[39m\n                      \u001b[33mwidth\u001b[39m=\u001b[32m\"24\"\u001b[39m\n                      \u001b[33mxmlns\u001b[39m=\u001b[32m\"http://www.w3.org/2000/svg\"\u001b[39m\n                    \u001b[36m>\u001b[39m\n                      \u001b[36m<path\u001b[39m\n                        \u001b[33md\u001b[39m=\u001b[32m\"M19 14c1.49-1.46 3-3.21 3-5.5A5.5 5.5 0 0 0 16.5 3c-1.76 0-3 .5-4.5 2-1.5-1.5-2.74-2-4.5-2A5.5 5.5 0 0 0 2 8.5c0 2.3 1.5 4.05 3 5.5l7 7Z\"\u001b[39m\n                      \u001b[36m/>\u001b[39m\n                    \u001b[36m</svg>\u001b[39m\n                    \u001b[36m<span\u001b[39m\n                      \u001b[33mclass\u001b[39m=\u001b[32m\"text-xs\"\u001b[39m\n                    \u001b[36m>\u001b[39m\n                      \u001b[0mheart rate\u001b[0m\n                    \u001b[36m</span>\u001b[39m\n                  \u001b[36m</div>\u001b[39m\n                  \u001b[36m<div\u001b[39m\n                    \u001b[33mclass\u001b[39m=\u001b[32m\"flex items-center space-x-1\"\u001b[39m\n                  \u001b[36m>\u001b[39m\n                    \u001b[36m<svg\u001b[39m\n                      \u001b[33mclass\u001b[39m=\u001b[32m\"luci
[...]
9994668,"failureMessages":[],"meta":{}},{"ancestorTitles":["Goal Discovery API","GET /api/goals/discovery"],"fullName":"Goal Discovery API GET /api/goals/discovery should return experience-specific capabilities when requested","status":"passed","title":"should return experience-specific capabilities when requested","duration":12.316500000000815,"failureMessages":[],"meta":{}},{"ancestorTitles":["Goal Discovery API","GET /api/goals/discovery"],"fullName":"Goal Discovery API GET /api/goals/discovery should handle capability retrieval errors","status":"passed","title":"should handle capability retrieval errors","duration":11.30340000000433,"failureMessages":[],"meta":{}},{"ancestorTitles":["Goal Discovery API","Metadata calculation"],"fullName":"Goal Discovery API Metadata calculation should calculate profile completeness correctly","status":"passed","title":"should calculate profile completeness correctly","duration":11.263699999995879,"failureMessages":[],"meta":{}},{"ancestorTitles":["Goal Discovery API","Metadata calculation"],"fullName":"Goal Discovery API Metadata calculation should assess time realism appropriately","status":"passed","title":"should assess time realism appropriately","duration":13.741699999998673,"failureMessages":[],"meta":{}}],"startTime":1768410956570,"endTime":1768410956783.7417,"status":"passed","message":"","name":"C:/Users/nadav/OneDrive/מסמכים/AI/cursor/cursor playground/Running coach/Running-coach--2/v0/app/api/goals/discovery/route.test.ts"},{"assertionResults":[{"ancestorTitles":["Onboarding Chat API","POST /api/onboarding/chat"],"fullName":"Onboarding Chat API POST /api/onboarding/chat should return 400 when userId is missing","status":"passed","title":"should return 400 when userId is missing","duration":56.99460000000545,"failureMessages":[],"meta":{}},{"ancestorTitles":["Onboarding Chat API","POST /api/onboarding/chat"],"fullName":"Onboarding Chat API POST /api/onboarding/chat should return 503 when OpenAI API key is missing","status":"passed","title":"should return 503 when OpenAI API key is missing","duration":11.105000000010477,"failureMessages":[],"meta":{}},{"ancestorTitles":["Onboarding Chat API","POST /api/onboarding/chat"],"fullName":"Onboarding Chat API POST /api/onboarding/chat should handle rate limiting correctly","status":"passed","title":"should handle rate limiting correctly","duration":12.497900000002119,"failureMessages":[],"meta":{}},{"ancestorTitles":["Onboarding Chat API","POST /api/onboarding/chat"],"fullName":"Onboarding Chat API POST /api/onboarding/chat should handle token budget exceeded","status":"passed","title":"should handle token budget exceeded","duration":11.540099999998347,"failureMessages":[],"meta":{}},{"ancestorTitles":["Onboarding Chat API","POST /api/onboarding/chat"],"fullName":"Onboarding Chat API POST /api/onboarding/chat should create new session when none exists","status":"passed","title":"should create new session when none exists","duration":13.211699999999837,"failureMessages":[],"meta":{}},{"ancestorTitles":["Onboarding Chat API","POST /api/onboarding/chat"],"fullName":"Onboarding Chat API POST /api/onboarding/chat should add user message to history","status":"passed","title":"should add user message to history","duration":17.320800000001327,"failureMessages":[],"meta":{}},{"ancestorTitles":["Onboarding Chat API","POST /api/onboarding/chat"],"fullName":"Onboarding Chat API POST /api/onboarding/chat should handle OpenAI API errors gracefully","status":"passed","title":"should handle OpenAI API errors gracefully","duration":10.723400000002584,"failureMessages":[],"meta":{}},{"ancestorTitles":["Onboarding Chat API","POST /api/onboarding/chat"],"fullName":"Onboarding Chat API POST /api/onboarding/chat should handle network errors gracefully","status":"passed","title":"should handle network errors gracefully","duration":8.775300000008428,"failureMessages":[],"meta":{}},{"ancestorTitles":["Onboarding Chat API","POST /api/onboarding/chat"],"fullName":"Onboarding Chat API POST /api/onboarding/chat should handle timeout errors gracefully","status":"passed","title":"should handle timeout errors gracefully","duration":10.133499999996275,"failureMessages":[],"meta":{}},{"ancestorTitles":["Onboarding Chat API","POST /api/onboarding/chat"],"fullName":"Onboarding Chat API POST /api/onboarding/chat should include proper headers in successful response","status":"passed","title":"should include proper headers in successful response","duration":9.71150000000489,"failureMessages":[],"meta":{}},{"ancestorTitles":["Onboarding Chat API","POST /api/onboarding/chat"],"fullName":"Onboarding Chat API POST /api/onboarding/chat should handle different phases correctly","status":"passed","title":"should handle different phases correctly","duration":10.56239999999525,"failureMessages":[],"meta":{}}],"startTime":1768410958661,"endTime":1768410958834.5625,"status":"passed","message":"","name":"C:/Users/nadav/OneDrive/מסמכים/AI/cursor/cursor playground/Running coach/Running-coach--2/v0/app/api/onboarding/chat/route.test.ts"},{"assertionResults":[{"ancestorTitles":["goalWizard API"],"fullName":"goalWizard API returns error for invalid request format","status":"passed","title":"returns error for invalid request format","duration":17.317399999999907,"failureMessages":[],"meta":{}},{"ancestorTitles":["goalWizard API"],"fullName":"goalWizard API processes motivation phase correctly","status":"passed","title":"processes motivation phase correctly","duration":17.69550000000163,"failureMessages":[],"meta":{}},{"ancestorTitles":["goalWizard API"],"fullName":"goalWizard API advances to assessment phase after sufficient messages","status":"passed","title":"advances to assessment phase after sufficient messages","duration":17.67720000000554,"failureMessages":[],"meta":{}},{"ancestorTitles":["goalWizard API"],"fullName":"goalWizard API generates goals in creation phase","status":"passed","title":"generates goals in creation phase","duration":19.52249999999185,"failureMessages":[],"meta":{}},{"ancestorTitles":["goalWizard API"],"fullName":"goalWizard API completes onboarding with user profile","status":"passed","title":"completes onboarding with user profile","duration":18.173200000004726,"failureMessages":[],"meta":{}},{"ancestorTitles":["goalWizard API"],"fullName":"goalWizard API detects coaching style from user messages","status":"passed","title":"detects coaching style from user messages","duration":16.928899999998976,"failureMessages":[],"meta":{}},{"ancestorTitles":["goalWizard API"],"fullName":"goalWizard API handles API errors gracefully","status":"passed","title":"handles API errors gracefully","duration":29.763199999986682,"failureMessages":[],"meta":{}}],"startTime":1768410962092,"endTime":1768410962229.7632,"status":"passed","message":"","name":"C:/Users/nadav/OneDrive/מסמכים/AI/cursor/cursor playground/Running coach/Running-coach--2/v0/app/api/onboarding/goalWizard/route.test.ts"},{"assertionResults":[{"ancestorTitles":["/api/performance/analytics"],"fullName":"/api/performance/analytics should return performance analytics for default time range","status":"passed","title":"should return performance analytics for default time range","duration":53.54079999998794,"failureMessages":[],"meta":{}},{"ancestorTitles":["/api/performance/analytics"],"fullName":"/api/performance/analytics should return performance analytics for 7d time range","status":"passed","title":"should return performance analytics for 7d time range","duration":30.077799999999115,"failureMessages":[],"meta":{}},{"ancestorTitles":["/api/performance/analytics"],"fullName":"/api/performance/analytics should return 400 for invalid time range","status":"passed","title":"should return 400 for invalid time range","duration":25.223400000002584,"failureMessages":[],"meta":{}},{"ancestorTitles":["/api/performance/analytics"],"fullName":"/api/performance/analytics should return period comparison data","status":"passed","title":"should return period comparison data","duration":30.4432000000088,"failureMessages":[],"meta":{}},{"ancestorTitles":["/api/performance/analytics"],"fullName":"/api/performance/analytics should handle missing user gracefully","status":"passed","title":"should handle missing user gracefully","duration":23.162900000010268,"failureMessages":[],"meta":{}},{"ancestorTitles":["/api/performance/analytics"],"fullName":"/api/performance/analytics should default to user 1 when no userId provided","status":"passed","title":"should default to user 1 when no userId provided","duration":32.826499999995576,"failureMessages":[],"meta":{}}],"startTime":1768410956236,"endTime":1768410956431.8264,"status":"passed","message":"","name":"C:/Users/nadav/OneDrive/מסמכים/AI/cursor/cursor playground/Running coach/Running-coach--2/v0/app/api/performance/analytics/route.test.ts"},{"assertionResults":[{"ancestorTitles":["/api/performance/records","GET /api/performance/records"],"fullName":"/api/performance/records GET /api/performance/records should return all personal records by default","status":"passed","title":"should return all personal records by default","duration":69.69660000001022,"failureMessages":[],"meta":{}},{"ancestorTitles":["/api/performance/records","GET /api/performance/records"],"fullName":"/api/performance/records GET /api/performance/records should filter records by type","status":"passed","title":"should filter records by type","duration":26.737300000007963,"failureMessages":[],"meta":{}},{"ancestorTitles":["/api/performance/records","GET /api/performance/records"],"fullName":"/api/performance/records GET /api/performance/records should respect limit parameter","status":"passed","title":"should respect limit parameter","duration":35.622300000002724,"failureMessages":[],"meta":{}},{"ancestorTitles":["/api/performance/records","GET /api/performance/records"],"fullName":"/api/performance/records GET /api/performance/records should return milestone achievements","status":"passed","title":"should return milestone achievements","duration":26.489199999996345,"failureMessages":[],"meta":{}},{"ancestorTitles":["/api/performance/records","GET /api/performance/records"],"fullName":"/api/performance/records GET /api/performance/records should return recent achievements","status":"passed","title":"should return recent achievements","duration":34.10929999999644,"failureMessages":[],"meta":{}},{"ancestorTitles":["/api/performance/records","GET /api/performance/records"],"fullName":"/api/performance/records GET /api/performance/records should handle missing user gracefully","status":"passed","title":"should handle missing user gracefully","duration":22.537899999995716,"failureMessages":[],"meta":{}},{"ancestorTitles":["/api/performance/records","GET /api/performance/records"],"fullName":"/api/performance/records GET /api/performance/records should return 400 for invalid parameters","status":"passed","title":"should return 400 for invalid parameters","duration":41.892600000006496,"failureMessages":[],"meta":{}},{"ancestorTitles":["/api/performance/records","POST /api/performance/records"],"fullName":"/api/performance/records POST /api/performance/records should check and update personal records for new run","status":"passed","title":"should check and update personal records for new run","duration":34.477899999998044,"failureMessages":[],"meta":{}},{"ancestorTitles":["/api/performance/records","POST /api/performance/records"],"fullName":"/api/performance/records POST /api/performance/records should return no new records when performance is not better","status":"passed","title":"should return no new records when performance is not better","duration":33.97060000000056,"failureMessages":[],"meta":{}},{"ancestorTitles":["/api/performance/records","POST /api/performance/records"],"fullName":"/api/performance/records POST /api/performance/records should return 400 for invalid request body","status":"passed","title":"should return 400 for invalid request body","duration":30.366800000003423,"failureMessages":[],"meta":{}},{"ancestorTitles":["/api/performance/records","POST /api/performance/records"],"fullName":"/api/performance/records POST /api/performance/records should handle multiple record types for single run","status":"passed","title":"should handle multiple record types for single run","duration":30.288899999999558,"failureMessages":[],"meta":{}}],"startTime":1768410948787,"endTime":1768410949174.2888,"status":"passed","message":"","name":"C:/Users/nadav/OneDrive/מסמכים/AI/cursor/cursor playground/Running coach/Running-coach--2/v0/app/api/performance/records/route.test.ts"},{"assertionResults":[{"ancestorTitles":["/api/performance/export"],"fullName":"/api/performance/export should export data in JSON format by default","status":"passed","title":"should export data in JSON format by default","duration":57.360799999994924,"failureMessages":[],"meta":{}},{"ancestorTitles":["/api/performance/export"],"fullName":"/api/performance/export should export data in CSV format when requested","status":"passed","title":"should export data in CSV format when requested","duration":27.739400000005844,"failureMessages":[],"meta":{}},{"ancestorTitles":["/api/performance/export"],"fullName":"/api/performance/export should respect time range filtering","status":"passed","title":"should respect time range filtering","duration":34.56690000000526,"failureMessages":[],"meta":{}},{"ancestorTitles":["/api/performance/export"],"fullName":"/api/performance/export should respect include flags","status":"passed","title":"should respect include flags","duration":24.727700000003097,"failureMessages":[],"meta":{}},{"ancestorTitles":["/api/performance/export"],"fullName":"/api/performance/export should return 400 for invalid parameters","status":"passed","title":"should return 400 for invalid parameters","duration":26.17029999999795,"failureMessages":[],"meta":{}},{"ancestorTitles":["/api/performance/export"],"fullName":"/api/performance/export should handle missing user gracefully","status":"passed","title":"should handle missing user gracefully","duration":33.50149999999849,"failureMessages":[],"meta":{}},{"ancestorTitles":["/api/performance/export"],"fullName":"/api/performance/export should include proper filename in content-disposition header","status":"passed","title":"should include proper filename in content-disposition header","duration":27.71490000000631,"failureMessages":[],"meta":{}}],"startTime":1768410955050,"endTime":1768410955281.7148,"status":"passed","message":"","name":"C:/Users/nadav/OneDrive/מסמכים/AI/cursor/cursor playground/Running coach/Running-coach--2/v0/app/api/performance/export/route.test.ts"},{"assertionResults":[{"ancestorTitles":["/api/sync/jobs API","GET - Get sync jobs"],"fullName":"/api/sync/jobs API GET - Get sync jobs should return sync jobs for a user","status":"passed","title":"should return sync jobs for a user","duration":9.075500000006286,"failureMessages":[],"meta":{}},{"ancestorTitles":["/api/sync/jobs API","GET - Get sync jobs"],"fullName":"/api/sync/jobs API GET - Get sync jobs should filter jobs by status","status":"passed","title":"should filter jobs by status","duration":6.465400000000955,"failureMessages":[],"meta":{}},{"ancestorTitles":["/api/sync/jobs API","GET - Get sync jobs"],"fullName":"/api/sync/jobs API GET - Get sync jobs should return error for missing userId","status":"passed","title":"should return error for missing userId","duration":7.756499999988591,"failureMessages":[],"meta":{}},{"ancestorTitles":["/api/sync/jobs API","GET - Get sync jobs"],"fullName":"/api/sync/jobs API GET - Get sync jobs should handle database errors","status":"passed","title":"should handle database errors","duration":9.601999999998952,"failureMessages":[],"meta":{}},{"ancestorTitles":["/api/sync/jobs API","POST - Schedule sync job"],"fullName":"/api/sync/jobs API POST - Schedule sync job should schedule a sync job successfully","status":"passed","title":"should schedule a sync job successfully","duration":8.330000000001746,"failureMessages":[],"meta":{}},{"ancestorTitles":["/api/sync/jobs API","POST - Schedule sync job"],"fullName":"/api/sync/jobs API POST - Schedule sync job should return error for missing required fields","status":"passed","title":"should return error for missing required fields","duration":6.04660000000149,"failureMessages":[],"meta":{}},{"ancestorTitles":["/api/sync/jobs API","POST - Schedule sync job"],"fullName":"/api/sync/jobs API POST - Schedule sync job should validate sync type","status":"passed","title":"should validate sync type","duration":7.1010000000096625,"failureMessages":[],"meta":{}},{"ancestorTitles":["/api/sync/jobs API","POST - Schedule sync job"],"fullName":"/api/sync/jobs API POST - Schedule sync job should validate priority","status":"passed","title":"should validate priority","duration":5.788899999999558,"failureMessages":[],"meta":{}},{"ancestorTitles":["/api/sync/jobs API","POST - Schedule sync job"],"fullName":"/api/sync/jobs API POST - Schedule sync job should return error for non-existent device","status":"passed","title":"should return error for non-existent device","duration":5.228900000001886,"failureMessages":[],"meta":{}},{"ancestorTitles":["/api/sync/jobs API","POST - Schedule sync job"],"fullName":"/api/sync/jobs API POST - Schedule sync job should return error for disconnected device","status":"passed","title":"should return error for disconnected device","duration":9.062799999999697,"failureMessages":[],"meta":{}},{"ancestorTitles":["/api/sync/jobs API","POST - Schedule sync job"],"fullName":"/api/sync/jobs API POST - Schedule sync job should handle scheduling errors","status":"passed","title":"should handle scheduling errors","duration":7.442599999994854,"failureMessages":[],"meta":{}},{"ancestorTitles":["/api/sync/jobs API","DELETE - Cancel sync jobs"],"fullName":"/api/sync/jobs API DELETE - Cancel sync jobs should cancel a specific job","status":"passed","title":"should cancel a specific job","duration":9.439999999987776,"failureMessages":[],"meta":{}},{"ancestorTitles":["/api/sync/jobs API","DELETE - Cancel sync jobs"],"fullName":"/api/sync/jobs API DELETE - Cancel sync jobs should return error for non-existent job","status":"passed","title":"should return error for non-existent job","duration":6.004899999999907,"failureMessages":[],"meta":{}},{"ancestorTitles":["/api/sync/jobs API","DELETE - Cancel sync jobs"],"fullName":"/api/sync/jobs API DELETE - Cancel sync jobs should cancel all pending jobs for a user","status":"passed","title":"should cancel all pending jobs for a user","duration":7.683900000003632,"failureMessages":[],"meta":{}},{"ancestorTitles":["/api/sync/jobs API","DELETE - Cancel sync jobs"],"fullName":"/api/sync/jobs API DELETE - Cancel sync jobs should return error for missing parameters","status":"passed","title":"should return error for missing parameters","duration":6.122800000011921,"failureMessages":[],"meta":{}},{"ancestorTitles":["/api/sync/jobs API","DELETE - Cancel sync jobs"],"fullName":"/api/sync/jobs API DELETE - Cancel sync jobs should handle cancellation errors","status":"passed","title":"should handle cancellation errors","duration":7.746799999993527,"failureMessages":[],"meta":{}},{"ancestorTitles":["/api/sync/jobs API","Edge Cases"],"fullName":"/api/sync/jobs API Edge Cases should handle malformed JSON in POST request","status":"passed","title":"should handle malformed JSON in POST request","duration":9.991800000003423,"failureMessages":[],"meta":{}},{"ancestorTitles":["/api/sync/jobs API","Edge Cases"],"fullName":"/api/sync/jobs API Edge Cases should handle invalid delay values","status":"passed","title":"should handle invalid delay values","duration":8.27379999999539,"failureMessages":[],"meta":{}}],"startTime":1768410955971,"endTime":1768410956109.2737,"status":"passed","message":"","name":"C:/Users/nadav/OneDrive/מסמכים/AI/cursor/cursor playground/Running coach/Running-coach--2/v0/app/api/sync/jobs/route.test.ts"}]}